[INFO]2023-04-17 00:48:36,951 - HikariPool-9 - Shutdown initiated...
[INFO]2023-04-17 00:48:36,958 - HikariPool-9 - Shutdown completed.
[INFO]2023-04-17 00:48:37,063 - Starting QRcodebackApplication using Java 1.8.0_301 on DESKTOP-D137OBD with PID 16316 (E:\springboot\QRcodeback\target\classes started by DAGUAISHOU in E:\springboot\QRcodeback)
[INFO]2023-04-17 00:48:37,064 - No active profile set, falling back to 1 default profile: "default"
[INFO]2023-04-17 00:48:37,336 - Tomcat initialized with port(s): 9999 (http)
[INFO]2023-04-17 00:48:37,336 - Loaded Apache Tomcat Native library [1.2.31] using APR version [1.7.0].
[INFO]2023-04-17 00:48:37,348 - APR capabilities: IPv6 [true], sendfile [true], accept filters [false], random [true], UDS [true].
[INFO]2023-04-17 00:48:37,348 - APR/OpenSSL configuration: useAprConnector [false], useOpenSSL [true]
[INFO]2023-04-17 00:48:37,348 - OpenSSL successfully initialized [OpenSSL 1.1.1l  24 Aug 2021]
[INFO]2023-04-17 00:48:37,349 - Initializing ProtocolHandler ["http-nio-9999"]
[INFO]2023-04-17 00:48:37,349 - Starting service [Tomcat]
[INFO]2023-04-17 00:48:37,349 - Starting Servlet engine: [Apache Tomcat/9.0.64]
[INFO]2023-04-17 00:48:37,395 - Initializing Spring embedded WebApplicationContext
[INFO]2023-04-17 00:48:37,395 - Root WebApplicationContext: initialization completed in 330 ms
[WARN]2023-04-17 00:48:37,500 - Exception encountered during context initialization - cancelling refresh attempt: org.springframework.beans.factory.BeanCreationException: Error creating bean with name 'adController': Injection of resource dependencies failed; nested exception is org.springframework.beans.factory.BeanCreationException: Error creating bean with name 'adService': Injection of resource dependencies failed; nested exception is org.springframework.beans.factory.UnsatisfiedDependencyException: Error creating bean with name 'adDao' defined in file [E:\springboot\QRcodeback\target\classes\com\code\qrcodeback\dao\AdDao.class]: Unsatisfied dependency expressed through bean property 'sqlSessionFactory'; nested exception is org.springframework.beans.factory.BeanCreationException: Error creating bean with name 'sqlSessionFactory' defined in class path resource [org/mybatis/spring/boot/autoconfigure/MybatisAutoConfiguration.class]: Bean instantiation via factory method failed; nested exception is org.springframework.beans.BeanInstantiationException: Failed to instantiate [org.apache.ibatis.session.SqlSessionFactory]: Factory method 'sqlSessionFactory' threw exception; nested exception is org.springframework.core.NestedIOException: Failed to parse mapping resource: 'file [E:\springboot\QRcodeback\target\classes\mapper\UserDao.xml]'; nested exception is org.apache.ibatis.builder.BuilderException: Error parsing Mapper XML. The XML location is 'file [E:\springboot\QRcodeback\target\classes\mapper\UserDao.xml]'. Cause: org.apache.ibatis.builder.BuilderException: Error resolving class. Cause: org.apache.ibatis.type.TypeException: Could not resolve type alias 'com.code.qrcodeback.entity.User'.  Cause: java.lang.ClassNotFoundException: Cannot find class: com.code.qrcodeback.entity.User
[INFO]2023-04-17 00:48:37,501 - Stopping service [Tomcat]
[ERROR]2023-04-17 00:48:37,570 - Application run failed
org.springframework.beans.factory.BeanCreationException: Error creating bean with name 'adController': Injection of resource dependencies failed; nested exception is org.springframework.beans.factory.BeanCreationException: Error creating bean with name 'adService': Injection of resource dependencies failed; nested exception is org.springframework.beans.factory.UnsatisfiedDependencyException: Error creating bean with name 'adDao' defined in file [E:\springboot\QRcodeback\target\classes\com\code\qrcodeback\dao\AdDao.class]: Unsatisfied dependency expressed through bean property 'sqlSessionFactory'; nested exception is org.springframework.beans.factory.BeanCreationException: Error creating bean with name 'sqlSessionFactory' defined in class path resource [org/mybatis/spring/boot/autoconfigure/MybatisAutoConfiguration.class]: Bean instantiation via factory method failed; nested exception is org.springframework.beans.BeanInstantiationException: Failed to instantiate [org.apache.ibatis.session.SqlSessionFactory]: Factory method 'sqlSessionFactory' threw exception; nested exception is org.springframework.core.NestedIOException: Failed to parse mapping resource: 'file [E:\springboot\QRcodeback\target\classes\mapper\UserDao.xml]'; nested exception is org.apache.ibatis.builder.BuilderException: Error parsing Mapper XML. The XML location is 'file [E:\springboot\QRcodeback\target\classes\mapper\UserDao.xml]'. Cause: org.apache.ibatis.builder.BuilderException: Error resolving class. Cause: org.apache.ibatis.type.TypeException: Could not resolve type alias 'com.code.qrcodeback.entity.User'.  Cause: java.lang.ClassNotFoundException: Cannot find class: com.code.qrcodeback.entity.User
	at org.springframework.context.annotation.CommonAnnotationBeanPostProcessor.postProcessProperties(CommonAnnotationBeanPostProcessor.java:332)
	at org.springframework.beans.factory.support.AbstractAutowireCapableBeanFactory.populateBean(AbstractAutowireCapableBeanFactory.java:1431)
	at org.springframework.beans.factory.support.AbstractAutowireCapableBeanFactory.doCreateBean(AbstractAutowireCapableBeanFactory.java:619)
	at org.springframework.beans.factory.support.AbstractAutowireCapableBeanFactory.createBean(AbstractAutowireCapableBeanFactory.java:542)
	at org.springframework.beans.factory.support.AbstractBeanFactory.lambda$doGetBean$0(AbstractBeanFactory.java:335)
	at org.springframework.beans.factory.support.DefaultSingletonBeanRegistry.getSingleton(DefaultSingletonBeanRegistry.java:234)
	at org.springframework.beans.factory.support.AbstractBeanFactory.doGetBean(AbstractBeanFactory.java:333)
	at org.springframework.beans.factory.support.AbstractBeanFactory.getBean(AbstractBeanFactory.java:208)
	at org.springframework.beans.factory.support.DefaultListableBeanFactory.preInstantiateSingletons(DefaultListableBeanFactory.java:955)
	at org.springframework.context.support.AbstractApplicationContext.finishBeanFactoryInitialization(AbstractApplicationContext.java:918)
	at org.springframework.context.support.AbstractApplicationContext.refresh(AbstractApplicationContext.java:583)
	at org.springframework.boot.web.servlet.context.ServletWebServerApplicationContext.refresh(ServletWebServerApplicationContext.java:147)
	at org.springframework.boot.SpringApplication.refresh(SpringApplication.java:734)
	at org.springframework.boot.SpringApplication.refreshContext(SpringApplication.java:408)
	at org.springframework.boot.SpringApplication.run(SpringApplication.java:308)
	at org.springframework.boot.SpringApplication.run(SpringApplication.java:1306)
	at org.springframework.boot.SpringApplication.run(SpringApplication.java:1295)
	at com.code.qrcodeback.QRcodebackApplication.main(QRcodebackApplication.java:12)
	at sun.reflect.NativeMethodAccessorImpl.invoke0(Native Method)
	at sun.reflect.NativeMethodAccessorImpl.invoke(NativeMethodAccessorImpl.java:62)
	at sun.reflect.DelegatingMethodAccessorImpl.invoke(DelegatingMethodAccessorImpl.java:43)
	at java.lang.reflect.Method.invoke(Method.java:498)
	at org.springframework.boot.devtools.restart.RestartLauncher.run(RestartLauncher.java:49)
Caused by: org.springframework.beans.factory.BeanCreationException: Error creating bean with name 'adService': Injection of resource dependencies failed; nested exception is org.springframework.beans.factory.UnsatisfiedDependencyException: Error creating bean with name 'adDao' defined in file [E:\springboot\QRcodeback\target\classes\com\code\qrcodeback\dao\AdDao.class]: Unsatisfied dependency expressed through bean property 'sqlSessionFactory'; nested exception is org.springframework.beans.factory.BeanCreationException: Error creating bean with name 'sqlSessionFactory' defined in class path resource [org/mybatis/spring/boot/autoconfigure/MybatisAutoConfiguration.class]: Bean instantiation via factory method failed; nested exception is org.springframework.beans.BeanInstantiationException: Failed to instantiate [org.apache.ibatis.session.SqlSessionFactory]: Factory method 'sqlSessionFactory' threw exception; nested exception is org.springframework.core.NestedIOException: Failed to parse mapping resource: 'file [E:\springboot\QRcodeback\target\classes\mapper\UserDao.xml]'; nested exception is org.apache.ibatis.builder.BuilderException: Error parsing Mapper XML. The XML location is 'file [E:\springboot\QRcodeback\target\classes\mapper\UserDao.xml]'. Cause: org.apache.ibatis.builder.BuilderException: Error resolving class. Cause: org.apache.ibatis.type.TypeException: Could not resolve type alias 'com.code.qrcodeback.entity.User'.  Cause: java.lang.ClassNotFoundException: Cannot find class: com.code.qrcodeback.entity.User
	at org.springframework.context.annotation.CommonAnnotationBeanPostProcessor.postProcessProperties(CommonAnnotationBeanPostProcessor.java:332)
	at org.springframework.beans.factory.support.AbstractAutowireCapableBeanFactory.populateBean(AbstractAutowireCapableBeanFactory.java:1431)
	at org.springframework.beans.factory.support.AbstractAutowireCapableBeanFactory.doCreateBean(AbstractAutowireCapableBeanFactory.java:619)
	at org.springframework.beans.factory.support.AbstractAutowireCapableBeanFactory.createBean(AbstractAutowireCapableBeanFactory.java:542)
	at org.springframework.beans.factory.support.AbstractBeanFactory.lambda$doGetBean$0(AbstractBeanFactory.java:335)
	at org.springframework.beans.factory.support.DefaultSingletonBeanRegistry.getSingleton(DefaultSingletonBeanRegistry.java:234)
	at org.springframework.beans.factory.support.AbstractBeanFactory.doGetBean(AbstractBeanFactory.java:333)
	at org.springframework.beans.factory.support.AbstractBeanFactory.getBean(AbstractBeanFactory.java:213)
	at org.springframework.beans.factory.support.AbstractAutowireCapableBeanFactory.resolveBeanByName(AbstractAutowireCapableBeanFactory.java:479)
	at org.springframework.context.annotation.CommonAnnotationBeanPostProcessor.autowireResource(CommonAnnotationBeanPostProcessor.java:550)
	at org.springframework.context.annotation.CommonAnnotationBeanPostProcessor.getResource(CommonAnnotationBeanPostProcessor.java:520)
	at org.springframework.context.annotation.CommonAnnotationBeanPostProcessor$ResourceElement.getResourceToInject(CommonAnnotationBeanPostProcessor.java:673)
	at org.springframework.beans.factory.annotation.InjectionMetadata$InjectedElement.inject(InjectionMetadata.java:228)
	at org.springframework.beans.factory.annotation.InjectionMetadata.inject(InjectionMetadata.java:119)
	at org.springframework.context.annotation.CommonAnnotationBeanPostProcessor.postProcessProperties(CommonAnnotationBeanPostProcessor.java:329)
	... 22 common frames omitted
Caused by: org.springframework.beans.factory.UnsatisfiedDependencyException: Error creating bean with name 'adDao' defined in file [E:\springboot\QRcodeback\target\classes\com\code\qrcodeback\dao\AdDao.class]: Unsatisfied dependency expressed through bean property 'sqlSessionFactory'; nested exception is org.springframework.beans.factory.BeanCreationException: Error creating bean with name 'sqlSessionFactory' defined in class path resource [org/mybatis/spring/boot/autoconfigure/MybatisAutoConfiguration.class]: Bean instantiation via factory method failed; nested exception is org.springframework.beans.BeanInstantiationException: Failed to instantiate [org.apache.ibatis.session.SqlSessionFactory]: Factory method 'sqlSessionFactory' threw exception; nested exception is org.springframework.core.NestedIOException: Failed to parse mapping resource: 'file [E:\springboot\QRcodeback\target\classes\mapper\UserDao.xml]'; nested exception is org.apache.ibatis.builder.BuilderException: Error parsing Mapper XML. The XML location is 'file [E:\springboot\QRcodeback\target\classes\mapper\UserDao.xml]'. Cause: org.apache.ibatis.builder.BuilderException: Error resolving class. Cause: org.apache.ibatis.type.TypeException: Could not resolve type alias 'com.code.qrcodeback.entity.User'.  Cause: java.lang.ClassNotFoundException: Cannot find class: com.code.qrcodeback.entity.User
	at org.springframework.beans.factory.support.AbstractAutowireCapableBeanFactory.autowireByType(AbstractAutowireCapableBeanFactory.java:1534)
	at org.springframework.beans.factory.support.AbstractAutowireCapableBeanFactory.populateBean(AbstractAutowireCapableBeanFactory.java:1417)
	at org.springframework.beans.factory.support.AbstractAutowireCapableBeanFactory.doCreateBean(AbstractAutowireCapableBeanFactory.java:619)
	at org.springframework.beans.factory.support.AbstractAutowireCapableBeanFactory.createBean(AbstractAutowireCapableBeanFactory.java:542)
	at org.springframework.beans.factory.support.AbstractBeanFactory.lambda$doGetBean$0(AbstractBeanFactory.java:335)
	at org.springframework.beans.factory.support.DefaultSingletonBeanRegistry.getSingleton(DefaultSingletonBeanRegistry.java:234)
	at org.springframework.beans.factory.support.AbstractBeanFactory.doGetBean(AbstractBeanFactory.java:333)
	at org.springframework.beans.factory.support.AbstractBeanFactory.getBean(AbstractBeanFactory.java:213)
	at org.springframework.beans.factory.support.AbstractAutowireCapableBeanFactory.resolveBeanByName(AbstractAutowireCapableBeanFactory.java:479)
	at org.springframework.context.annotation.CommonAnnotationBeanPostProcessor.autowireResource(CommonAnnotationBeanPostProcessor.java:550)
	at org.springframework.context.annotation.CommonAnnotationBeanPostProcessor.getResource(CommonAnnotationBeanPostProcessor.java:520)
	at org.springframework.context.annotation.CommonAnnotationBeanPostProcessor$ResourceElement.getResourceToInject(CommonAnnotationBeanPostProcessor.java:673)
	at org.springframework.beans.factory.annotation.InjectionMetadata$InjectedElement.inject(InjectionMetadata.java:228)
	at org.springframework.beans.factory.annotation.InjectionMetadata.inject(InjectionMetadata.java:119)
	at org.springframework.context.annotation.CommonAnnotationBeanPostProcessor.postProcessProperties(CommonAnnotationBeanPostProcessor.java:329)
	... 36 common frames omitted
Caused by: org.springframework.beans.factory.BeanCreationException: Error creating bean with name 'sqlSessionFactory' defined in class path resource [org/mybatis/spring/boot/autoconfigure/MybatisAutoConfiguration.class]: Bean instantiation via factory method failed; nested exception is org.springframework.beans.BeanInstantiationException: Failed to instantiate [org.apache.ibatis.session.SqlSessionFactory]: Factory method 'sqlSessionFactory' threw exception; nested exception is org.springframework.core.NestedIOException: Failed to parse mapping resource: 'file [E:\springboot\QRcodeback\target\classes\mapper\UserDao.xml]'; nested exception is org.apache.ibatis.builder.BuilderException: Error parsing Mapper XML. The XML location is 'file [E:\springboot\QRcodeback\target\classes\mapper\UserDao.xml]'. Cause: org.apache.ibatis.builder.BuilderException: Error resolving class. Cause: org.apache.ibatis.type.TypeException: Could not resolve type alias 'com.code.qrcodeback.entity.User'.  Cause: java.lang.ClassNotFoundException: Cannot find class: com.code.qrcodeback.entity.User
	at org.springframework.beans.factory.support.ConstructorResolver.instantiate(ConstructorResolver.java:658)
	at org.springframework.beans.factory.support.ConstructorResolver.instantiateUsingFactoryMethod(ConstructorResolver.java:638)
	at org.springframework.beans.factory.support.AbstractAutowireCapableBeanFactory.instantiateUsingFactoryMethod(AbstractAutowireCapableBeanFactory.java:1352)
	at org.springframework.beans.factory.support.AbstractAutowireCapableBeanFactory.createBeanInstance(AbstractAutowireCapableBeanFactory.java:1195)
	at org.springframework.beans.factory.support.AbstractAutowireCapableBeanFactory.doCreateBean(AbstractAutowireCapableBeanFactory.java:582)
	at org.springframework.beans.factory.support.AbstractAutowireCapableBeanFactory.createBean(AbstractAutowireCapableBeanFactory.java:542)
	at org.springframework.beans.factory.support.AbstractBeanFactory.lambda$doGetBean$0(AbstractBeanFactory.java:335)
	at org.springframework.beans.factory.support.DefaultSingletonBeanRegistry.getSingleton(DefaultSingletonBeanRegistry.java:234)
	at org.springframework.beans.factory.support.AbstractBeanFactory.doGetBean(AbstractBeanFactory.java:333)
	at org.springframework.beans.factory.support.AbstractBeanFactory.getBean(AbstractBeanFactory.java:208)
	at org.springframework.beans.factory.config.DependencyDescriptor.resolveCandidate(DependencyDescriptor.java:276)
	at org.springframework.beans.factory.support.DefaultListableBeanFactory.doResolveDependency(DefaultListableBeanFactory.java:1391)
	at org.springframework.beans.factory.support.DefaultListableBeanFactory.resolveDependency(DefaultListableBeanFactory.java:1311)
	at org.springframework.beans.factory.support.AbstractAutowireCapableBeanFactory.autowireByType(AbstractAutowireCapableBeanFactory.java:1519)
	... 50 common frames omitted
Caused by: org.springframework.beans.BeanInstantiationException: Failed to instantiate [org.apache.ibatis.session.SqlSessionFactory]: Factory method 'sqlSessionFactory' threw exception; nested exception is org.springframework.core.NestedIOException: Failed to parse mapping resource: 'file [E:\springboot\QRcodeback\target\classes\mapper\UserDao.xml]'; nested exception is org.apache.ibatis.builder.BuilderException: Error parsing Mapper XML. The XML location is 'file [E:\springboot\QRcodeback\target\classes\mapper\UserDao.xml]'. Cause: org.apache.ibatis.builder.BuilderException: Error resolving class. Cause: org.apache.ibatis.type.TypeException: Could not resolve type alias 'com.code.qrcodeback.entity.User'.  Cause: java.lang.ClassNotFoundException: Cannot find class: com.code.qrcodeback.entity.User
	at org.springframework.beans.factory.support.SimpleInstantiationStrategy.instantiate(SimpleInstantiationStrategy.java:185)
	at org.springframework.beans.factory.support.ConstructorResolver.instantiate(ConstructorResolver.java:653)
	... 63 common frames omitted
Caused by: org.springframework.core.NestedIOException: Failed to parse mapping resource: 'file [E:\springboot\QRcodeback\target\classes\mapper\UserDao.xml]'; nested exception is org.apache.ibatis.builder.BuilderException: Error parsing Mapper XML. The XML location is 'file [E:\springboot\QRcodeback\target\classes\mapper\UserDao.xml]'. Cause: org.apache.ibatis.builder.BuilderException: Error resolving class. Cause: org.apache.ibatis.type.TypeException: Could not resolve type alias 'com.code.qrcodeback.entity.User'.  Cause: java.lang.ClassNotFoundException: Cannot find class: com.code.qrcodeback.entity.User
	at org.mybatis.spring.SqlSessionFactoryBean.buildSqlSessionFactory(SqlSessionFactoryBean.java:613)
	at org.mybatis.spring.SqlSessionFactoryBean.afterPropertiesSet(SqlSessionFactoryBean.java:491)
	at org.mybatis.spring.SqlSessionFactoryBean.getObject(SqlSessionFactoryBean.java:633)
	at org.mybatis.spring.boot.autoconfigure.MybatisAutoConfiguration.sqlSessionFactory(MybatisAutoConfiguration.java:188)
	at org.mybatis.spring.boot.autoconfigure.MybatisAutoConfiguration$$EnhancerBySpringCGLIB$$99078f32.CGLIB$sqlSessionFactory$2(<generated>)
	at org.mybatis.spring.boot.autoconfigure.MybatisAutoConfiguration$$EnhancerBySpringCGLIB$$99078f32$$FastClassBySpringCGLIB$$c5c09e2.invoke(<generated>)
	at org.springframework.cglib.proxy.MethodProxy.invokeSuper(MethodProxy.java:244)
	at org.springframework.context.annotation.ConfigurationClassEnhancer$BeanMethodInterceptor.intercept(ConfigurationClassEnhancer.java:331)
	at org.mybatis.spring.boot.autoconfigure.MybatisAutoConfiguration$$EnhancerBySpringCGLIB$$99078f32.sqlSessionFactory(<generated>)
	at sun.reflect.GeneratedMethodAccessor476.invoke(Unknown Source)
	at sun.reflect.DelegatingMethodAccessorImpl.invoke(DelegatingMethodAccessorImpl.java:43)
	at java.lang.reflect.Method.invoke(Method.java:498)
	at org.springframework.beans.factory.support.SimpleInstantiationStrategy.instantiate(SimpleInstantiationStrategy.java:154)
	... 64 common frames omitted
Caused by: org.apache.ibatis.builder.BuilderException: Error parsing Mapper XML. The XML location is 'file [E:\springboot\QRcodeback\target\classes\mapper\UserDao.xml]'. Cause: org.apache.ibatis.builder.BuilderException: Error resolving class. Cause: org.apache.ibatis.type.TypeException: Could not resolve type alias 'com.code.qrcodeback.entity.User'.  Cause: java.lang.ClassNotFoundException: Cannot find class: com.code.qrcodeback.entity.User
	at org.apache.ibatis.builder.xml.XMLMapperBuilder.configurationElement(XMLMapperBuilder.java:123)
	at org.apache.ibatis.builder.xml.XMLMapperBuilder.parse(XMLMapperBuilder.java:95)
	at org.mybatis.spring.SqlSessionFactoryBean.buildSqlSessionFactory(SqlSessionFactoryBean.java:611)
	... 76 common frames omitted
Caused by: org.apache.ibatis.builder.BuilderException: Error resolving class. Cause: org.apache.ibatis.type.TypeException: Could not resolve type alias 'com.code.qrcodeback.entity.User'.  Cause: java.lang.ClassNotFoundException: Cannot find class: com.code.qrcodeback.entity.User
	at org.apache.ibatis.builder.BaseBuilder.resolveClass(BaseBuilder.java:118)
	at org.apache.ibatis.builder.xml.XMLMapperBuilder.resultMapElement(XMLMapperBuilder.java:263)
	at org.apache.ibatis.builder.xml.XMLMapperBuilder.resultMapElement(XMLMapperBuilder.java:254)
	at org.apache.ibatis.builder.xml.XMLMapperBuilder.resultMapElements(XMLMapperBuilder.java:246)
	at org.apache.ibatis.builder.xml.XMLMapperBuilder.configurationElement(XMLMapperBuilder.java:119)
	... 78 common frames omitted
Caused by: org.apache.ibatis.type.TypeException: Could not resolve type alias 'com.code.qrcodeback.entity.User'.  Cause: java.lang.ClassNotFoundException: Cannot find class: com.code.qrcodeback.entity.User
	at org.apache.ibatis.type.TypeAliasRegistry.resolveAlias(TypeAliasRegistry.java:120)
	at org.apache.ibatis.builder.BaseBuilder.resolveAlias(BaseBuilder.java:149)
	at org.apache.ibatis.builder.BaseBuilder.resolveClass(BaseBuilder.java:116)
	... 82 common frames omitted
Caused by: java.lang.ClassNotFoundException: Cannot find class: com.code.qrcodeback.entity.User
	at org.apache.ibatis.io.ClassLoaderWrapper.classForName(ClassLoaderWrapper.java:196)
	at org.apache.ibatis.io.ClassLoaderWrapper.classForName(ClassLoaderWrapper.java:89)
	at org.apache.ibatis.io.Resources.classForName(Resources.java:261)
	at org.apache.ibatis.type.TypeAliasRegistry.resolveAlias(TypeAliasRegistry.java:116)
	... 84 common frames omitted
[INFO]2023-04-17 00:49:10,909 - Starting QRcodebackApplication using Java 1.8.0_301 on DESKTOP-D137OBD with PID 16316 (E:\springboot\QRcodeback\target\classes started by DAGUAISHOU in E:\springboot\QRcodeback)
[INFO]2023-04-17 00:49:10,909 - No active profile set, falling back to 1 default profile: "default"
[INFO]2023-04-17 00:49:11,148 - Tomcat initialized with port(s): 9999 (http)
[INFO]2023-04-17 00:49:11,148 - Loaded Apache Tomcat Native library [1.2.31] using APR version [1.7.0].
[INFO]2023-04-17 00:49:11,148 - APR capabilities: IPv6 [true], sendfile [true], accept filters [false], random [true], UDS [true].
[INFO]2023-04-17 00:49:11,149 - APR/OpenSSL configuration: useAprConnector [false], useOpenSSL [true]
[INFO]2023-04-17 00:49:11,149 - OpenSSL successfully initialized [OpenSSL 1.1.1l  24 Aug 2021]
[INFO]2023-04-17 00:49:11,149 - Initializing ProtocolHandler ["http-nio-9999"]
[INFO]2023-04-17 00:49:11,149 - Starting service [Tomcat]
[INFO]2023-04-17 00:49:11,149 - Starting Servlet engine: [Apache Tomcat/9.0.64]
[INFO]2023-04-17 00:49:11,185 - Initializing Spring embedded WebApplicationContext
[INFO]2023-04-17 00:49:11,185 - Root WebApplicationContext: initialization completed in 274 ms
[INFO]2023-04-17 00:49:11,322 - LiveReload server is running on port 35729
[INFO]2023-04-17 00:49:11,327 - Starting ProtocolHandler ["http-nio-9999"]
[INFO]2023-04-17 00:49:11,331 - Tomcat started on port(s): 9999 (http) with context path ''
[INFO]2023-04-17 00:49:11,337 - Started QRcodebackApplication in 0.443 seconds (JVM running for 33177.921)
[INFO]2023-04-17 00:49:11,338 - Condition evaluation unchanged
[INFO]2023-04-17 00:49:11,477 - Initializing Spring DispatcherServlet 'dispatcherServlet'
[INFO]2023-04-17 00:49:11,478 - Initializing Servlet 'dispatcherServlet'
[INFO]2023-04-17 00:49:11,479 - Completed initialization in 1 ms
[INFO]2023-04-17 00:50:08,491 - HikariPool-10 - Starting...
[INFO]2023-04-17 00:50:08,494 - HikariPool-10 - Start completed.
[INFO]2023-04-17 01:00:48,483 - HikariPool-10 - Shutdown initiated...
[INFO]2023-04-17 01:00:48,488 - HikariPool-10 - Shutdown completed.
[INFO]2023-04-17 01:00:48,679 - Starting QRcodebackApplication using Java 1.8.0_301 on DESKTOP-D137OBD with PID 16316 (E:\springboot\QRcodeback\target\classes started by DAGUAISHOU in E:\springboot\QRcodeback)
[INFO]2023-04-17 01:00:48,680 - No active profile set, falling back to 1 default profile: "default"
[INFO]2023-04-17 01:00:48,919 - Tomcat initialized with port(s): 9999 (http)
[INFO]2023-04-17 01:00:48,919 - Loaded Apache Tomcat Native library [1.2.31] using APR version [1.7.0].
[INFO]2023-04-17 01:00:48,919 - APR capabilities: IPv6 [true], sendfile [true], accept filters [false], random [true], UDS [true].
[INFO]2023-04-17 01:00:48,919 - APR/OpenSSL configuration: useAprConnector [false], useOpenSSL [true]
[INFO]2023-04-17 01:00:48,919 - OpenSSL successfully initialized [OpenSSL 1.1.1l  24 Aug 2021]
[INFO]2023-04-17 01:00:48,920 - Initializing ProtocolHandler ["http-nio-9999"]
[INFO]2023-04-17 01:00:48,920 - Starting service [Tomcat]
[INFO]2023-04-17 01:00:48,920 - Starting Servlet engine: [Apache Tomcat/9.0.64]
[INFO]2023-04-17 01:00:48,946 - Initializing Spring embedded WebApplicationContext
[INFO]2023-04-17 01:00:48,947 - Root WebApplicationContext: initialization completed in 266 ms
[INFO]2023-04-17 01:00:49,076 - LiveReload server is running on port 35729
[INFO]2023-04-17 01:00:49,082 - Starting ProtocolHandler ["http-nio-9999"]
[INFO]2023-04-17 01:00:49,086 - Tomcat started on port(s): 9999 (http) with context path ''
[INFO]2023-04-17 01:00:49,093 - Started QRcodebackApplication in 0.434 seconds (JVM running for 33875.677)
[INFO]2023-04-17 01:00:49,094 - Condition evaluation unchanged
[INFO]2023-04-17 01:00:51,363 - Starting QRcodebackApplication using Java 1.8.0_301 on DESKTOP-D137OBD with PID 16316 (E:\springboot\QRcodeback\target\classes started by DAGUAISHOU in E:\springboot\QRcodeback)
[INFO]2023-04-17 01:00:51,364 - No active profile set, falling back to 1 default profile: "default"
[INFO]2023-04-17 01:00:51,584 - Tomcat initialized with port(s): 9999 (http)
[INFO]2023-04-17 01:00:51,584 - Loaded Apache Tomcat Native library [1.2.31] using APR version [1.7.0].
[INFO]2023-04-17 01:00:51,585 - APR capabilities: IPv6 [true], sendfile [true], accept filters [false], random [true], UDS [true].
[INFO]2023-04-17 01:00:51,585 - APR/OpenSSL configuration: useAprConnector [false], useOpenSSL [true]
[INFO]2023-04-17 01:00:51,585 - OpenSSL successfully initialized [OpenSSL 1.1.1l  24 Aug 2021]
[INFO]2023-04-17 01:00:51,585 - Initializing ProtocolHandler ["http-nio-9999"]
[INFO]2023-04-17 01:00:51,585 - Starting service [Tomcat]
[INFO]2023-04-17 01:00:51,585 - Starting Servlet engine: [Apache Tomcat/9.0.64]
[INFO]2023-04-17 01:00:51,610 - Initializing Spring embedded WebApplicationContext
[INFO]2023-04-17 01:00:51,610 - Root WebApplicationContext: initialization completed in 245 ms
[INFO]2023-04-17 01:00:51,719 - LiveReload server is running on port 35729
[INFO]2023-04-17 01:00:51,724 - Starting ProtocolHandler ["http-nio-9999"]
[INFO]2023-04-17 01:00:51,732 - Tomcat started on port(s): 9999 (http) with context path ''
[INFO]2023-04-17 01:00:51,738 - Started QRcodebackApplication in 0.391 seconds (JVM running for 33878.323)
[INFO]2023-04-17 01:00:51,739 - Condition evaluation unchanged
[INFO]2023-04-17 01:04:04,154 - Starting QRcodebackApplication using Java 1.8.0_301 on DESKTOP-D137OBD with PID 16316 (E:\springboot\QRcodeback\target\classes started by DAGUAISHOU in E:\springboot\QRcodeback)
[INFO]2023-04-17 01:04:04,154 - No active profile set, falling back to 1 default profile: "default"
[INFO]2023-04-17 01:04:04,388 - Tomcat initialized with port(s): 9999 (http)
[INFO]2023-04-17 01:04:04,388 - Loaded Apache Tomcat Native library [1.2.31] using APR version [1.7.0].
[INFO]2023-04-17 01:04:04,388 - APR capabilities: IPv6 [true], sendfile [true], accept filters [false], random [true], UDS [true].
[INFO]2023-04-17 01:04:04,389 - APR/OpenSSL configuration: useAprConnector [false], useOpenSSL [true]
[INFO]2023-04-17 01:04:04,389 - OpenSSL successfully initialized [OpenSSL 1.1.1l  24 Aug 2021]
[INFO]2023-04-17 01:04:04,389 - Initializing ProtocolHandler ["http-nio-9999"]
[INFO]2023-04-17 01:04:04,389 - Starting service [Tomcat]
[INFO]2023-04-17 01:04:04,389 - Starting Servlet engine: [Apache Tomcat/9.0.64]
[INFO]2023-04-17 01:04:04,416 - Initializing Spring embedded WebApplicationContext
[INFO]2023-04-17 01:04:04,416 - Root WebApplicationContext: initialization completed in 261 ms
[INFO]2023-04-17 01:04:04,526 - LiveReload server is running on port 35729
[INFO]2023-04-17 01:04:04,531 - Starting ProtocolHandler ["http-nio-9999"]
[INFO]2023-04-17 01:04:04,535 - Tomcat started on port(s): 9999 (http) with context path ''
[INFO]2023-04-17 01:04:04,547 - Started QRcodebackApplication in 0.411 seconds (JVM running for 34071.132)
[INFO]2023-04-17 01:04:04,548 - Condition evaluation unchanged
[INFO]2023-04-17 01:04:06,727 - Starting QRcodebackApplication using Java 1.8.0_301 on DESKTOP-D137OBD with PID 16316 (E:\springboot\QRcodeback\target\classes started by DAGUAISHOU in E:\springboot\QRcodeback)
[INFO]2023-04-17 01:04:06,727 - No active profile set, falling back to 1 default profile: "default"
[INFO]2023-04-17 01:04:06,930 - Tomcat initialized with port(s): 9999 (http)
[INFO]2023-04-17 01:04:06,930 - Loaded Apache Tomcat Native library [1.2.31] using APR version [1.7.0].
[INFO]2023-04-17 01:04:06,930 - APR capabilities: IPv6 [true], sendfile [true], accept filters [false], random [true], UDS [true].
[INFO]2023-04-17 01:04:06,930 - APR/OpenSSL configuration: useAprConnector [false], useOpenSSL [true]
[INFO]2023-04-17 01:04:06,930 - OpenSSL successfully initialized [OpenSSL 1.1.1l  24 Aug 2021]
[INFO]2023-04-17 01:04:06,930 - Initializing ProtocolHandler ["http-nio-9999"]
[INFO]2023-04-17 01:04:06,930 - Starting service [Tomcat]
[INFO]2023-04-17 01:04:06,930 - Starting Servlet engine: [Apache Tomcat/9.0.64]
[INFO]2023-04-17 01:04:06,956 - Initializing Spring embedded WebApplicationContext
[INFO]2023-04-17 01:04:06,956 - Root WebApplicationContext: initialization completed in 228 ms
[INFO]2023-04-17 01:04:07,059 - LiveReload server is running on port 35729
[INFO]2023-04-17 01:04:07,064 - Starting ProtocolHandler ["http-nio-9999"]
[INFO]2023-04-17 01:04:07,067 - Tomcat started on port(s): 9999 (http) with context path ''
[INFO]2023-04-17 01:04:07,073 - Started QRcodebackApplication in 0.361 seconds (JVM running for 34073.657)
[INFO]2023-04-17 01:04:07,073 - Condition evaluation unchanged
[INFO]2023-04-17 01:04:46,491 - Initializing Spring DispatcherServlet 'dispatcherServlet'
[INFO]2023-04-17 01:04:46,492 - Initializing Servlet 'dispatcherServlet'
[INFO]2023-04-17 01:04:46,492 - Completed initialization in 0 ms
[INFO]2023-04-17 01:06:37,085 - HikariPool-11 - Starting...
[INFO]2023-04-17 01:06:37,088 - HikariPool-11 - Start completed.
[INFO]2023-04-17 01:08:13,802 - HikariPool-11 - Shutdown initiated...
[INFO]2023-04-17 01:08:13,805 - HikariPool-11 - Shutdown completed.
[INFO]2023-04-17 01:08:13,880 - Starting QRcodebackApplication using Java 1.8.0_301 on DESKTOP-D137OBD with PID 16316 (E:\springboot\QRcodeback\target\classes started by DAGUAISHOU in E:\springboot\QRcodeback)
[INFO]2023-04-17 01:08:13,880 - No active profile set, falling back to 1 default profile: "default"
[INFO]2023-04-17 01:08:14,098 - Tomcat initialized with port(s): 9999 (http)
[INFO]2023-04-17 01:08:14,098 - Loaded Apache Tomcat Native library [1.2.31] using APR version [1.7.0].
[INFO]2023-04-17 01:08:14,098 - APR capabilities: IPv6 [true], sendfile [true], accept filters [false], random [true], UDS [true].
[INFO]2023-04-17 01:08:14,098 - APR/OpenSSL configuration: useAprConnector [false], useOpenSSL [true]
[INFO]2023-04-17 01:08:14,099 - OpenSSL successfully initialized [OpenSSL 1.1.1l  24 Aug 2021]
[INFO]2023-04-17 01:08:14,099 - Initializing ProtocolHandler ["http-nio-9999"]
[INFO]2023-04-17 01:08:14,099 - Starting service [Tomcat]
[INFO]2023-04-17 01:08:14,099 - Starting Servlet engine: [Apache Tomcat/9.0.64]
[INFO]2023-04-17 01:08:14,127 - Initializing Spring embedded WebApplicationContext
[INFO]2023-04-17 01:08:14,127 - Root WebApplicationContext: initialization completed in 246 ms
[INFO]2023-04-17 01:08:14,249 - LiveReload server is running on port 35729
[INFO]2023-04-17 01:08:14,254 - Starting ProtocolHandler ["http-nio-9999"]
[INFO]2023-04-17 01:08:14,257 - Tomcat started on port(s): 9999 (http) with context path ''
[INFO]2023-04-17 01:08:14,263 - Started QRcodebackApplication in 0.399 seconds (JVM running for 34320.848)
[INFO]2023-04-17 01:08:14,264 - Condition evaluation unchanged
[INFO]2023-04-17 01:08:21,012 - Initializing Spring DispatcherServlet 'dispatcherServlet'
[INFO]2023-04-17 01:08:21,012 - Initializing Servlet 'dispatcherServlet'
[INFO]2023-04-17 01:08:21,014 - Completed initialization in 2 ms
[INFO]2023-04-17 01:09:10,084 - Starting QRcodebackApplication using Java 1.8.0_301 on DESKTOP-D137OBD with PID 16316 (E:\springboot\QRcodeback\target\classes started by DAGUAISHOU in E:\springboot\QRcodeback)
[INFO]2023-04-17 01:09:10,084 - No active profile set, falling back to 1 default profile: "default"
[INFO]2023-04-17 01:09:10,313 - Tomcat initialized with port(s): 9999 (http)
[INFO]2023-04-17 01:09:10,313 - Loaded Apache Tomcat Native library [1.2.31] using APR version [1.7.0].
[INFO]2023-04-17 01:09:10,313 - APR capabilities: IPv6 [true], sendfile [true], accept filters [false], random [true], UDS [true].
[INFO]2023-04-17 01:09:10,313 - APR/OpenSSL configuration: useAprConnector [false], useOpenSSL [true]
[INFO]2023-04-17 01:09:10,314 - OpenSSL successfully initialized [OpenSSL 1.1.1l  24 Aug 2021]
[INFO]2023-04-17 01:09:10,314 - Initializing ProtocolHandler ["http-nio-9999"]
[INFO]2023-04-17 01:09:10,314 - Starting service [Tomcat]
[INFO]2023-04-17 01:09:10,314 - Starting Servlet engine: [Apache Tomcat/9.0.64]
[INFO]2023-04-17 01:09:10,354 - Initializing Spring embedded WebApplicationContext
[INFO]2023-04-17 01:09:10,354 - Root WebApplicationContext: initialization completed in 268 ms
[INFO]2023-04-17 01:09:10,505 - LiveReload server is running on port 35729
[INFO]2023-04-17 01:09:10,511 - Starting ProtocolHandler ["http-nio-9999"]
[INFO]2023-04-17 01:09:10,515 - Tomcat started on port(s): 9999 (http) with context path ''
[INFO]2023-04-17 01:09:10,521 - Started QRcodebackApplication in 0.456 seconds (JVM running for 34377.105)
[INFO]2023-04-17 01:09:10,522 - Condition evaluation unchanged
[INFO]2023-04-17 01:09:12,718 - Starting QRcodebackApplication using Java 1.8.0_301 on DESKTOP-D137OBD with PID 16316 (E:\springboot\QRcodeback\target\classes started by DAGUAISHOU in E:\springboot\QRcodeback)
[INFO]2023-04-17 01:09:12,718 - No active profile set, falling back to 1 default profile: "default"
[INFO]2023-04-17 01:09:12,920 - Tomcat initialized with port(s): 9999 (http)
[INFO]2023-04-17 01:09:12,920 - Loaded Apache Tomcat Native library [1.2.31] using APR version [1.7.0].
[INFO]2023-04-17 01:09:12,920 - APR capabilities: IPv6 [true], sendfile [true], accept filters [false], random [true], UDS [true].
[INFO]2023-04-17 01:09:12,920 - APR/OpenSSL configuration: useAprConnector [false], useOpenSSL [true]
[INFO]2023-04-17 01:09:12,920 - OpenSSL successfully initialized [OpenSSL 1.1.1l  24 Aug 2021]
[INFO]2023-04-17 01:09:12,920 - Initializing ProtocolHandler ["http-nio-9999"]
[INFO]2023-04-17 01:09:12,921 - Starting service [Tomcat]
[INFO]2023-04-17 01:09:12,921 - Starting Servlet engine: [Apache Tomcat/9.0.64]
[INFO]2023-04-17 01:09:12,945 - Initializing Spring embedded WebApplicationContext
[INFO]2023-04-17 01:09:12,946 - Root WebApplicationContext: initialization completed in 227 ms
[INFO]2023-04-17 01:09:13,048 - LiveReload server is running on port 35729
[INFO]2023-04-17 01:09:13,052 - Starting ProtocolHandler ["http-nio-9999"]
[INFO]2023-04-17 01:09:13,056 - Tomcat started on port(s): 9999 (http) with context path ''
[INFO]2023-04-17 01:09:13,063 - Started QRcodebackApplication in 0.36 seconds (JVM running for 34379.647)
[INFO]2023-04-17 01:09:13,064 - Condition evaluation unchanged
[INFO]2023-04-17 01:09:33,275 - Initializing Spring DispatcherServlet 'dispatcherServlet'
[INFO]2023-04-17 01:09:33,276 - Initializing Servlet 'dispatcherServlet'
[INFO]2023-04-17 01:09:33,276 - Completed initialization in 0 ms
[INFO]2023-04-17 01:10:49,056 - HikariPool-12 - Starting...
[INFO]2023-04-17 01:10:49,059 - HikariPool-12 - Start completed.
[INFO]2023-04-17 01:15:27,119 - HikariPool-12 - Shutdown initiated...
[INFO]2023-04-17 01:15:27,122 - HikariPool-12 - Shutdown completed.
[INFO]2023-04-17 01:15:27,220 - Starting QRcodebackApplication using Java 1.8.0_301 on DESKTOP-D137OBD with PID 16316 (E:\springboot\QRcodeback\target\classes started by DAGUAISHOU in E:\springboot\QRcodeback)
[INFO]2023-04-17 01:15:27,220 - No active profile set, falling back to 1 default profile: "default"
[INFO]2023-04-17 01:15:27,478 - Tomcat initialized with port(s): 9999 (http)
[INFO]2023-04-17 01:15:27,478 - Loaded Apache Tomcat Native library [1.2.31] using APR version [1.7.0].
[INFO]2023-04-17 01:15:27,478 - APR capabilities: IPv6 [true], sendfile [true], accept filters [false], random [true], UDS [true].
[INFO]2023-04-17 01:15:27,478 - APR/OpenSSL configuration: useAprConnector [false], useOpenSSL [true]
[INFO]2023-04-17 01:15:27,478 - OpenSSL successfully initialized [OpenSSL 1.1.1l  24 Aug 2021]
[INFO]2023-04-17 01:15:27,479 - Initializing ProtocolHandler ["http-nio-9999"]
[INFO]2023-04-17 01:15:27,479 - Starting service [Tomcat]
[INFO]2023-04-17 01:15:27,479 - Starting Servlet engine: [Apache Tomcat/9.0.64]
[INFO]2023-04-17 01:15:27,507 - Initializing Spring embedded WebApplicationContext
[INFO]2023-04-17 01:15:27,507 - Root WebApplicationContext: initialization completed in 285 ms
[INFO]2023-04-17 01:15:27,629 - LiveReload server is running on port 35729
[INFO]2023-04-17 01:15:27,635 - Starting ProtocolHandler ["http-nio-9999"]
[INFO]2023-04-17 01:15:27,639 - Tomcat started on port(s): 9999 (http) with context path ''
[INFO]2023-04-17 01:15:27,646 - Started QRcodebackApplication in 0.448 seconds (JVM running for 34754.23)
[INFO]2023-04-17 01:15:27,647 - Condition evaluation unchanged
[INFO]2023-04-17 01:15:29,874 - Starting QRcodebackApplication using Java 1.8.0_301 on DESKTOP-D137OBD with PID 16316 (E:\springboot\QRcodeback\target\classes started by DAGUAISHOU in E:\springboot\QRcodeback)
[INFO]2023-04-17 01:15:29,874 - No active profile set, falling back to 1 default profile: "default"
[INFO]2023-04-17 01:15:30,082 - Tomcat initialized with port(s): 9999 (http)
[INFO]2023-04-17 01:15:30,082 - Loaded Apache Tomcat Native library [1.2.31] using APR version [1.7.0].
[INFO]2023-04-17 01:15:30,083 - APR capabilities: IPv6 [true], sendfile [true], accept filters [false], random [true], UDS [true].
[INFO]2023-04-17 01:15:30,083 - APR/OpenSSL configuration: useAprConnector [false], useOpenSSL [true]
[INFO]2023-04-17 01:15:30,083 - OpenSSL successfully initialized [OpenSSL 1.1.1l  24 Aug 2021]
[INFO]2023-04-17 01:15:30,083 - Initializing ProtocolHandler ["http-nio-9999"]
[INFO]2023-04-17 01:15:30,083 - Starting service [Tomcat]
[INFO]2023-04-17 01:15:30,083 - Starting Servlet engine: [Apache Tomcat/9.0.64]
[INFO]2023-04-17 01:15:30,108 - Initializing Spring embedded WebApplicationContext
[INFO]2023-04-17 01:15:30,108 - Root WebApplicationContext: initialization completed in 233 ms
[INFO]2023-04-17 01:15:30,231 - LiveReload server is running on port 35729
[INFO]2023-04-17 01:15:30,237 - Starting ProtocolHandler ["http-nio-9999"]
[INFO]2023-04-17 01:15:30,240 - Tomcat started on port(s): 9999 (http) with context path ''
[INFO]2023-04-17 01:15:30,248 - Started QRcodebackApplication in 0.391 seconds (JVM running for 34756.832)
[INFO]2023-04-17 01:15:30,248 - Condition evaluation unchanged
[INFO]2023-04-17 01:15:39,116 - Initializing Spring DispatcherServlet 'dispatcherServlet'
[INFO]2023-04-17 01:15:39,117 - Initializing Servlet 'dispatcherServlet'
[INFO]2023-04-17 01:15:39,118 - Completed initialization in 1 ms
[INFO]2023-04-17 01:16:02,472 - HikariPool-13 - Starting...
[INFO]2023-04-17 01:16:02,476 - HikariPool-13 - Start completed.
[INFO]2023-04-17 01:20:04,735 - HikariPool-13 - Shutdown initiated...
[INFO]2023-04-17 01:20:04,738 - HikariPool-13 - Shutdown completed.
[INFO]2023-04-17 01:20:04,829 - Starting QRcodebackApplication using Java 1.8.0_301 on DESKTOP-D137OBD with PID 16316 (E:\springboot\QRcodeback\target\classes started by DAGUAISHOU in E:\springboot\QRcodeback)
[INFO]2023-04-17 01:20:04,829 - No active profile set, falling back to 1 default profile: "default"
[INFO]2023-04-17 01:20:05,139 - Tomcat initialized with port(s): 9999 (http)
[INFO]2023-04-17 01:20:05,139 - Loaded Apache Tomcat Native library [1.2.31] using APR version [1.7.0].
[INFO]2023-04-17 01:20:05,139 - APR capabilities: IPv6 [true], sendfile [true], accept filters [false], random [true], UDS [true].
[INFO]2023-04-17 01:20:05,139 - APR/OpenSSL configuration: useAprConnector [false], useOpenSSL [true]
[INFO]2023-04-17 01:20:05,139 - OpenSSL successfully initialized [OpenSSL 1.1.1l  24 Aug 2021]
[INFO]2023-04-17 01:20:05,140 - Initializing ProtocolHandler ["http-nio-9999"]
[INFO]2023-04-17 01:20:05,140 - Starting service [Tomcat]
[INFO]2023-04-17 01:20:05,140 - Starting Servlet engine: [Apache Tomcat/9.0.64]
[INFO]2023-04-17 01:20:05,189 - Initializing Spring embedded WebApplicationContext
[INFO]2023-04-17 01:20:05,189 - Root WebApplicationContext: initialization completed in 359 ms
[INFO]2023-04-17 01:20:05,451 - LiveReload server is running on port 35729
[INFO]2023-04-17 01:20:05,456 - Starting ProtocolHandler ["http-nio-9999"]
[INFO]2023-04-17 01:20:05,460 - Tomcat started on port(s): 9999 (http) with context path ''
[INFO]2023-04-17 01:20:05,467 - Started QRcodebackApplication in 0.658 seconds (JVM running for 35032.052)
[INFO]2023-04-17 01:20:05,468 - Condition evaluation unchanged
[INFO]2023-04-17 01:20:32,308 - Starting QRcodebackApplication using Java 1.8.0_301 on DESKTOP-D137OBD with PID 16316 (E:\springboot\QRcodeback\target\classes started by DAGUAISHOU in E:\springboot\QRcodeback)
[INFO]2023-04-17 01:20:32,308 - No active profile set, falling back to 1 default profile: "default"
[INFO]2023-04-17 01:20:32,519 - Tomcat initialized with port(s): 9999 (http)
[INFO]2023-04-17 01:20:32,519 - Loaded Apache Tomcat Native library [1.2.31] using APR version [1.7.0].
[INFO]2023-04-17 01:20:32,519 - APR capabilities: IPv6 [true], sendfile [true], accept filters [false], random [true], UDS [true].
[INFO]2023-04-17 01:20:32,519 - APR/OpenSSL configuration: useAprConnector [false], useOpenSSL [true]
[INFO]2023-04-17 01:20:32,519 - OpenSSL successfully initialized [OpenSSL 1.1.1l  24 Aug 2021]
[INFO]2023-04-17 01:20:32,519 - Initializing ProtocolHandler ["http-nio-9999"]
[INFO]2023-04-17 01:20:32,519 - Starting service [Tomcat]
[INFO]2023-04-17 01:20:32,519 - Starting Servlet engine: [Apache Tomcat/9.0.64]
[INFO]2023-04-17 01:20:32,545 - Initializing Spring embedded WebApplicationContext
[INFO]2023-04-17 01:20:32,546 - Root WebApplicationContext: initialization completed in 237 ms
[INFO]2023-04-17 01:20:32,648 - LiveReload server is running on port 35729
[INFO]2023-04-17 01:20:32,653 - Starting ProtocolHandler ["http-nio-9999"]
[INFO]2023-04-17 01:20:32,656 - Tomcat started on port(s): 9999 (http) with context path ''
[INFO]2023-04-17 01:20:32,662 - Started QRcodebackApplication in 0.369 seconds (JVM running for 35059.246)
[INFO]2023-04-17 01:20:32,663 - Condition evaluation unchanged
[INFO]2023-04-17 01:20:32,903 - Initializing Spring DispatcherServlet 'dispatcherServlet'
[INFO]2023-04-17 01:20:32,904 - Initializing Servlet 'dispatcherServlet'
[INFO]2023-04-17 01:20:32,905 - Completed initialization in 1 ms
[INFO]2023-04-17 01:20:32,908 - HikariPool-14 - Starting...
[INFO]2023-04-17 01:20:32,912 - HikariPool-14 - Start completed.
[INFO]2023-04-17 01:31:22,474 - HikariPool-14 - Shutdown initiated...
[INFO]2023-04-17 01:31:22,477 - HikariPool-14 - Shutdown completed.
[INFO]2023-04-17 01:31:22,570 - Starting QRcodebackApplication using Java 1.8.0_301 on DESKTOP-D137OBD with PID 16316 (E:\springboot\QRcodeback\target\classes started by DAGUAISHOU in E:\springboot\QRcodeback)
[INFO]2023-04-17 01:31:22,571 - No active profile set, falling back to 1 default profile: "default"
[INFO]2023-04-17 01:31:22,797 - Tomcat initialized with port(s): 9999 (http)
[INFO]2023-04-17 01:31:22,797 - Loaded Apache Tomcat Native library [1.2.31] using APR version [1.7.0].
[INFO]2023-04-17 01:31:22,797 - APR capabilities: IPv6 [true], sendfile [true], accept filters [false], random [true], UDS [true].
[INFO]2023-04-17 01:31:22,797 - APR/OpenSSL configuration: useAprConnector [false], useOpenSSL [true]
[INFO]2023-04-17 01:31:22,797 - OpenSSL successfully initialized [OpenSSL 1.1.1l  24 Aug 2021]
[INFO]2023-04-17 01:31:22,798 - Initializing ProtocolHandler ["http-nio-9999"]
[INFO]2023-04-17 01:31:22,798 - Starting service [Tomcat]
[INFO]2023-04-17 01:31:22,798 - Starting Servlet engine: [Apache Tomcat/9.0.64]
[INFO]2023-04-17 01:31:22,826 - Initializing Spring embedded WebApplicationContext
[INFO]2023-04-17 01:31:22,826 - Root WebApplicationContext: initialization completed in 254 ms
[INFO]2023-04-17 01:31:22,987 - LiveReload server is running on port 35729
[INFO]2023-04-17 01:31:22,995 - Starting ProtocolHandler ["http-nio-9999"]
[INFO]2023-04-17 01:31:23,000 - Tomcat started on port(s): 9999 (http) with context path ''
[INFO]2023-04-17 01:31:23,006 - Started QRcodebackApplication in 0.452 seconds (JVM running for 35709.59)
[INFO]2023-04-17 01:31:23,007 - Condition evaluation unchanged
[INFO]2023-04-17 01:31:25,194 - Starting QRcodebackApplication using Java 1.8.0_301 on DESKTOP-D137OBD with PID 16316 (E:\springboot\QRcodeback\target\classes started by DAGUAISHOU in E:\springboot\QRcodeback)
[INFO]2023-04-17 01:31:25,194 - No active profile set, falling back to 1 default profile: "default"
[INFO]2023-04-17 01:31:25,401 - Tomcat initialized with port(s): 9999 (http)
[INFO]2023-04-17 01:31:25,401 - Loaded Apache Tomcat Native library [1.2.31] using APR version [1.7.0].
[INFO]2023-04-17 01:31:25,401 - APR capabilities: IPv6 [true], sendfile [true], accept filters [false], random [true], UDS [true].
[INFO]2023-04-17 01:31:25,401 - APR/OpenSSL configuration: useAprConnector [false], useOpenSSL [true]
[INFO]2023-04-17 01:31:25,401 - OpenSSL successfully initialized [OpenSSL 1.1.1l  24 Aug 2021]
[INFO]2023-04-17 01:31:25,401 - Initializing ProtocolHandler ["http-nio-9999"]
[INFO]2023-04-17 01:31:25,401 - Starting service [Tomcat]
[INFO]2023-04-17 01:31:25,401 - Starting Servlet engine: [Apache Tomcat/9.0.64]
[INFO]2023-04-17 01:31:25,428 - Initializing Spring embedded WebApplicationContext
[INFO]2023-04-17 01:31:25,428 - Root WebApplicationContext: initialization completed in 232 ms
[INFO]2023-04-17 01:31:25,533 - LiveReload server is running on port 35729
[INFO]2023-04-17 01:31:25,538 - Starting ProtocolHandler ["http-nio-9999"]
[INFO]2023-04-17 01:31:25,541 - Tomcat started on port(s): 9999 (http) with context path ''
[INFO]2023-04-17 01:31:25,547 - Started QRcodebackApplication in 0.368 seconds (JVM running for 35712.131)
[INFO]2023-04-17 01:31:25,548 - Condition evaluation unchanged
[INFO]2023-04-17 01:31:25,724 - Initializing Spring DispatcherServlet 'dispatcherServlet'
[INFO]2023-04-17 01:31:25,725 - Initializing Servlet 'dispatcherServlet'
[INFO]2023-04-17 01:31:25,726 - Completed initialization in 1 ms
[INFO]2023-04-17 01:31:25,729 - HikariPool-15 - Starting...
[INFO]2023-04-17 01:31:25,734 - HikariPool-15 - Start completed.
[ERROR]2023-04-17 02:00:17,124 - Servlet.service() for servlet [dispatcherServlet] in context with path [] threw exception [Request processing failed; nested exception is org.springframework.jdbc.BadSqlGrammarException: 
### Error updating database.  Cause: java.sql.SQLSyntaxErrorException: You have an error in your SQL syntax; check the manual that corresponds to your MySQL server version for the right syntax to use near 'where user_id = 1' at line 3
### The error may exist in file [E:\springboot\QRcodeback\target\classes\mapper\UserDao.xml]
### The error may involve defaultParameterMap
### The error occurred while setting parameters
### SQL: update user                    where user_id = ?
### Cause: java.sql.SQLSyntaxErrorException: You have an error in your SQL syntax; check the manual that corresponds to your MySQL server version for the right syntax to use near 'where user_id = 1' at line 3
; bad SQL grammar []; nested exception is java.sql.SQLSyntaxErrorException: You have an error in your SQL syntax; check the manual that corresponds to your MySQL server version for the right syntax to use near 'where user_id = 1' at line 3] with root cause
java.sql.SQLSyntaxErrorException: You have an error in your SQL syntax; check the manual that corresponds to your MySQL server version for the right syntax to use near 'where user_id = 1' at line 3
	at com.mysql.cj.jdbc.exceptions.SQLError.createSQLException(SQLError.java:120)
	at com.mysql.cj.jdbc.exceptions.SQLExceptionsMapping.translateException(SQLExceptionsMapping.java:122)
	at com.mysql.cj.jdbc.ClientPreparedStatement.executeInternal(ClientPreparedStatement.java:916)
	at com.mysql.cj.jdbc.ClientPreparedStatement.execute(ClientPreparedStatement.java:354)
	at com.zaxxer.hikari.pool.ProxyPreparedStatement.execute(ProxyPreparedStatement.java:44)
	at com.zaxxer.hikari.pool.HikariProxyPreparedStatement.execute(HikariProxyPreparedStatement.java)
	at sun.reflect.GeneratedMethodAccessor79.invoke(Unknown Source)
	at sun.reflect.DelegatingMethodAccessorImpl.invoke(DelegatingMethodAccessorImpl.java:43)
	at java.lang.reflect.Method.invoke(Method.java:498)
	at org.apache.ibatis.logging.jdbc.PreparedStatementLogger.invoke(PreparedStatementLogger.java:59)
	at com.sun.proxy.$Proxy88.execute(Unknown Source)
	at org.apache.ibatis.executor.statement.PreparedStatementHandler.update(PreparedStatementHandler.java:47)
	at org.apache.ibatis.executor.statement.RoutingStatementHandler.update(RoutingStatementHandler.java:74)
	at org.apache.ibatis.executor.SimpleExecutor.doUpdate(SimpleExecutor.java:50)
	at org.apache.ibatis.executor.BaseExecutor.update(BaseExecutor.java:117)
	at org.apache.ibatis.executor.CachingExecutor.update(CachingExecutor.java:76)
	at org.apache.ibatis.session.defaults.DefaultSqlSession.update(DefaultSqlSession.java:194)
	at sun.reflect.GeneratedMethodAccessor589.invoke(Unknown Source)
	at sun.reflect.DelegatingMethodAccessorImpl.invoke(DelegatingMethodAccessorImpl.java:43)
	at java.lang.reflect.Method.invoke(Method.java:498)
	at org.mybatis.spring.SqlSessionTemplate$SqlSessionInterceptor.invoke(SqlSessionTemplate.java:427)
	at com.sun.proxy.$Proxy68.update(Unknown Source)
	at org.mybatis.spring.SqlSessionTemplate.update(SqlSessionTemplate.java:288)
	at org.apache.ibatis.binding.MapperMethod.execute(MapperMethod.java:67)
	at org.apache.ibatis.binding.MapperProxy$PlainMethodInvoker.invoke(MapperProxy.java:145)
	at org.apache.ibatis.binding.MapperProxy.invoke(MapperProxy.java:86)
	at com.sun.proxy.$Proxy455.update(Unknown Source)
	at com.code.qrcodeback.service.impl.UserServiceImpl.update(UserServiceImpl.java:68)
	at com.code.qrcodeback.controller.UserController.edit(UserController.java:83)
	at sun.reflect.GeneratedMethodAccessor590.invoke(Unknown Source)
	at sun.reflect.DelegatingMethodAccessorImpl.invoke(DelegatingMethodAccessorImpl.java:43)
	at java.lang.reflect.Method.invoke(Method.java:498)
	at org.springframework.web.method.support.InvocableHandlerMethod.doInvoke(InvocableHandlerMethod.java:205)
	at org.springframework.web.method.support.InvocableHandlerMethod.invokeForRequest(InvocableHandlerMethod.java:150)
	at org.springframework.web.servlet.mvc.method.annotation.ServletInvocableHandlerMethod.invokeAndHandle(ServletInvocableHandlerMethod.java:117)
	at org.springframework.web.servlet.mvc.method.annotation.RequestMappingHandlerAdapter.invokeHandlerMethod(RequestMappingHandlerAdapter.java:895)
	at org.springframework.web.servlet.mvc.method.annotation.RequestMappingHandlerAdapter.handleInternal(RequestMappingHandlerAdapter.java:808)
	at org.springframework.web.servlet.mvc.method.AbstractHandlerMethodAdapter.handle(AbstractHandlerMethodAdapter.java:87)
	at org.springframework.web.servlet.DispatcherServlet.doDispatch(DispatcherServlet.java:1067)
	at org.springframework.web.servlet.DispatcherServlet.doService(DispatcherServlet.java:963)
	at org.springframework.web.servlet.FrameworkServlet.processRequest(FrameworkServlet.java:1006)
	at org.springframework.web.servlet.FrameworkServlet.doPost(FrameworkServlet.java:909)
	at javax.servlet.http.HttpServlet.service(HttpServlet.java:681)
	at org.springframework.web.servlet.FrameworkServlet.service(FrameworkServlet.java:883)
	at javax.servlet.http.HttpServlet.service(HttpServlet.java:764)
	at org.apache.catalina.core.ApplicationFilterChain.internalDoFilter(ApplicationFilterChain.java:227)
	at org.apache.catalina.core.ApplicationFilterChain.doFilter(ApplicationFilterChain.java:162)
	at org.apache.tomcat.websocket.server.WsFilter.doFilter(WsFilter.java:53)
	at org.apache.catalina.core.ApplicationFilterChain.internalDoFilter(ApplicationFilterChain.java:189)
	at org.apache.catalina.core.ApplicationFilterChain.doFilter(ApplicationFilterChain.java:162)
	at org.springframework.web.filter.RequestContextFilter.doFilterInternal(RequestContextFilter.java:100)
	at org.springframework.web.filter.OncePerRequestFilter.doFilter(OncePerRequestFilter.java:117)
	at org.apache.catalina.core.ApplicationFilterChain.internalDoFilter(ApplicationFilterChain.java:189)
	at org.apache.catalina.core.ApplicationFilterChain.doFilter(ApplicationFilterChain.java:162)
	at org.springframework.web.filter.FormContentFilter.doFilterInternal(FormContentFilter.java:93)
	at org.springframework.web.filter.OncePerRequestFilter.doFilter(OncePerRequestFilter.java:117)
	at org.apache.catalina.core.ApplicationFilterChain.internalDoFilter(ApplicationFilterChain.java:189)
	at org.apache.catalina.core.ApplicationFilterChain.doFilter(ApplicationFilterChain.java:162)
	at org.springframework.web.filter.CharacterEncodingFilter.doFilterInternal(CharacterEncodingFilter.java:201)
	at org.springframework.web.filter.OncePerRequestFilter.doFilter(OncePerRequestFilter.java:117)
	at org.apache.catalina.core.ApplicationFilterChain.internalDoFilter(ApplicationFilterChain.java:189)
	at org.apache.catalina.core.ApplicationFilterChain.doFilter(ApplicationFilterChain.java:162)
	at org.apache.catalina.core.StandardWrapperValve.invoke(StandardWrapperValve.java:197)
	at org.apache.catalina.core.StandardContextValve.invoke(StandardContextValve.java:97)
	at org.apache.catalina.authenticator.AuthenticatorBase.invoke(AuthenticatorBase.java:541)
	at org.apache.catalina.core.StandardHostValve.invoke(StandardHostValve.java:135)
	at org.apache.catalina.valves.ErrorReportValve.invoke(ErrorReportValve.java:92)
	at org.apache.catalina.core.StandardEngineValve.invoke(StandardEngineValve.java:78)
	at org.apache.catalina.connector.CoyoteAdapter.service(CoyoteAdapter.java:360)
	at org.apache.coyote.http11.Http11Processor.service(Http11Processor.java:399)
	at org.apache.coyote.AbstractProcessorLight.process(AbstractProcessorLight.java:65)
	at org.apache.coyote.AbstractProtocol$ConnectionHandler.process(AbstractProtocol.java:890)
	at org.apache.tomcat.util.net.NioEndpoint$SocketProcessor.doRun(NioEndpoint.java:1787)
	at org.apache.tomcat.util.net.SocketProcessorBase.run(SocketProcessorBase.java:49)
	at org.apache.tomcat.util.threads.ThreadPoolExecutor.runWorker(ThreadPoolExecutor.java:1191)
	at org.apache.tomcat.util.threads.ThreadPoolExecutor$Worker.run(ThreadPoolExecutor.java:659)
	at org.apache.tomcat.util.threads.TaskThread$WrappingRunnable.run(TaskThread.java:61)
	at java.lang.Thread.run(Thread.java:748)
[ERROR]2023-04-17 02:00:41,857 - Servlet.service() for servlet [dispatcherServlet] in context with path [] threw exception [Request processing failed; nested exception is org.springframework.jdbc.BadSqlGrammarException: 
### Error updating database.  Cause: java.sql.SQLSyntaxErrorException: You have an error in your SQL syntax; check the manual that corresponds to your MySQL server version for the right syntax to use near 'where user_id = 1' at line 3
### The error may exist in file [E:\springboot\QRcodeback\target\classes\mapper\UserDao.xml]
### The error may involve defaultParameterMap
### The error occurred while setting parameters
### SQL: update user                    where user_id = ?
### Cause: java.sql.SQLSyntaxErrorException: You have an error in your SQL syntax; check the manual that corresponds to your MySQL server version for the right syntax to use near 'where user_id = 1' at line 3
; bad SQL grammar []; nested exception is java.sql.SQLSyntaxErrorException: You have an error in your SQL syntax; check the manual that corresponds to your MySQL server version for the right syntax to use near 'where user_id = 1' at line 3] with root cause
java.sql.SQLSyntaxErrorException: You have an error in your SQL syntax; check the manual that corresponds to your MySQL server version for the right syntax to use near 'where user_id = 1' at line 3
	at com.mysql.cj.jdbc.exceptions.SQLError.createSQLException(SQLError.java:120)
	at com.mysql.cj.jdbc.exceptions.SQLExceptionsMapping.translateException(SQLExceptionsMapping.java:122)
	at com.mysql.cj.jdbc.ClientPreparedStatement.executeInternal(ClientPreparedStatement.java:916)
	at com.mysql.cj.jdbc.ClientPreparedStatement.execute(ClientPreparedStatement.java:354)
	at com.zaxxer.hikari.pool.ProxyPreparedStatement.execute(ProxyPreparedStatement.java:44)
	at com.zaxxer.hikari.pool.HikariProxyPreparedStatement.execute(HikariProxyPreparedStatement.java)
	at sun.reflect.GeneratedMethodAccessor79.invoke(Unknown Source)
	at sun.reflect.DelegatingMethodAccessorImpl.invoke(DelegatingMethodAccessorImpl.java:43)
	at java.lang.reflect.Method.invoke(Method.java:498)
	at org.apache.ibatis.logging.jdbc.PreparedStatementLogger.invoke(PreparedStatementLogger.java:59)
	at com.sun.proxy.$Proxy88.execute(Unknown Source)
	at org.apache.ibatis.executor.statement.PreparedStatementHandler.update(PreparedStatementHandler.java:47)
	at org.apache.ibatis.executor.statement.RoutingStatementHandler.update(RoutingStatementHandler.java:74)
	at org.apache.ibatis.executor.SimpleExecutor.doUpdate(SimpleExecutor.java:50)
	at org.apache.ibatis.executor.BaseExecutor.update(BaseExecutor.java:117)
	at org.apache.ibatis.executor.CachingExecutor.update(CachingExecutor.java:76)
	at org.apache.ibatis.session.defaults.DefaultSqlSession.update(DefaultSqlSession.java:194)
	at sun.reflect.GeneratedMethodAccessor589.invoke(Unknown Source)
	at sun.reflect.DelegatingMethodAccessorImpl.invoke(DelegatingMethodAccessorImpl.java:43)
	at java.lang.reflect.Method.invoke(Method.java:498)
	at org.mybatis.spring.SqlSessionTemplate$SqlSessionInterceptor.invoke(SqlSessionTemplate.java:427)
	at com.sun.proxy.$Proxy68.update(Unknown Source)
	at org.mybatis.spring.SqlSessionTemplate.update(SqlSessionTemplate.java:288)
	at org.apache.ibatis.binding.MapperMethod.execute(MapperMethod.java:67)
	at org.apache.ibatis.binding.MapperProxy$PlainMethodInvoker.invoke(MapperProxy.java:145)
	at org.apache.ibatis.binding.MapperProxy.invoke(MapperProxy.java:86)
	at com.sun.proxy.$Proxy455.update(Unknown Source)
	at com.code.qrcodeback.service.impl.UserServiceImpl.update(UserServiceImpl.java:68)
	at com.code.qrcodeback.controller.UserController.edit(UserController.java:83)
	at sun.reflect.GeneratedMethodAccessor590.invoke(Unknown Source)
	at sun.reflect.DelegatingMethodAccessorImpl.invoke(DelegatingMethodAccessorImpl.java:43)
	at java.lang.reflect.Method.invoke(Method.java:498)
	at org.springframework.web.method.support.InvocableHandlerMethod.doInvoke(InvocableHandlerMethod.java:205)
	at org.springframework.web.method.support.InvocableHandlerMethod.invokeForRequest(InvocableHandlerMethod.java:150)
	at org.springframework.web.servlet.mvc.method.annotation.ServletInvocableHandlerMethod.invokeAndHandle(ServletInvocableHandlerMethod.java:117)
	at org.springframework.web.servlet.mvc.method.annotation.RequestMappingHandlerAdapter.invokeHandlerMethod(RequestMappingHandlerAdapter.java:895)
	at org.springframework.web.servlet.mvc.method.annotation.RequestMappingHandlerAdapter.handleInternal(RequestMappingHandlerAdapter.java:808)
	at org.springframework.web.servlet.mvc.method.AbstractHandlerMethodAdapter.handle(AbstractHandlerMethodAdapter.java:87)
	at org.springframework.web.servlet.DispatcherServlet.doDispatch(DispatcherServlet.java:1067)
	at org.springframework.web.servlet.DispatcherServlet.doService(DispatcherServlet.java:963)
	at org.springframework.web.servlet.FrameworkServlet.processRequest(FrameworkServlet.java:1006)
	at org.springframework.web.servlet.FrameworkServlet.doPost(FrameworkServlet.java:909)
	at javax.servlet.http.HttpServlet.service(HttpServlet.java:681)
	at org.springframework.web.servlet.FrameworkServlet.service(FrameworkServlet.java:883)
	at javax.servlet.http.HttpServlet.service(HttpServlet.java:764)
	at org.apache.catalina.core.ApplicationFilterChain.internalDoFilter(ApplicationFilterChain.java:227)
	at org.apache.catalina.core.ApplicationFilterChain.doFilter(ApplicationFilterChain.java:162)
	at org.apache.tomcat.websocket.server.WsFilter.doFilter(WsFilter.java:53)
	at org.apache.catalina.core.ApplicationFilterChain.internalDoFilter(ApplicationFilterChain.java:189)
	at org.apache.catalina.core.ApplicationFilterChain.doFilter(ApplicationFilterChain.java:162)
	at org.springframework.web.filter.RequestContextFilter.doFilterInternal(RequestContextFilter.java:100)
	at org.springframework.web.filter.OncePerRequestFilter.doFilter(OncePerRequestFilter.java:117)
	at org.apache.catalina.core.ApplicationFilterChain.internalDoFilter(ApplicationFilterChain.java:189)
	at org.apache.catalina.core.ApplicationFilterChain.doFilter(ApplicationFilterChain.java:162)
	at org.springframework.web.filter.FormContentFilter.doFilterInternal(FormContentFilter.java:93)
	at org.springframework.web.filter.OncePerRequestFilter.doFilter(OncePerRequestFilter.java:117)
	at org.apache.catalina.core.ApplicationFilterChain.internalDoFilter(ApplicationFilterChain.java:189)
	at org.apache.catalina.core.ApplicationFilterChain.doFilter(ApplicationFilterChain.java:162)
	at org.springframework.web.filter.CharacterEncodingFilter.doFilterInternal(CharacterEncodingFilter.java:201)
	at org.springframework.web.filter.OncePerRequestFilter.doFilter(OncePerRequestFilter.java:117)
	at org.apache.catalina.core.ApplicationFilterChain.internalDoFilter(ApplicationFilterChain.java:189)
	at org.apache.catalina.core.ApplicationFilterChain.doFilter(ApplicationFilterChain.java:162)
	at org.apache.catalina.core.StandardWrapperValve.invoke(StandardWrapperValve.java:197)
	at org.apache.catalina.core.StandardContextValve.invoke(StandardContextValve.java:97)
	at org.apache.catalina.authenticator.AuthenticatorBase.invoke(AuthenticatorBase.java:541)
	at org.apache.catalina.core.StandardHostValve.invoke(StandardHostValve.java:135)
	at org.apache.catalina.valves.ErrorReportValve.invoke(ErrorReportValve.java:92)
	at org.apache.catalina.core.StandardEngineValve.invoke(StandardEngineValve.java:78)
	at org.apache.catalina.connector.CoyoteAdapter.service(CoyoteAdapter.java:360)
	at org.apache.coyote.http11.Http11Processor.service(Http11Processor.java:399)
	at org.apache.coyote.AbstractProcessorLight.process(AbstractProcessorLight.java:65)
	at org.apache.coyote.AbstractProtocol$ConnectionHandler.process(AbstractProtocol.java:890)
	at org.apache.tomcat.util.net.NioEndpoint$SocketProcessor.doRun(NioEndpoint.java:1787)
	at org.apache.tomcat.util.net.SocketProcessorBase.run(SocketProcessorBase.java:49)
	at org.apache.tomcat.util.threads.ThreadPoolExecutor.runWorker(ThreadPoolExecutor.java:1191)
	at org.apache.tomcat.util.threads.ThreadPoolExecutor$Worker.run(ThreadPoolExecutor.java:659)
	at org.apache.tomcat.util.threads.TaskThread$WrappingRunnable.run(TaskThread.java:61)
	at java.lang.Thread.run(Thread.java:748)
