[INFO]2023-04-20 16:44:10,012 - Starting QRcodebackApplication using Java 1.8.0_301 on DESKTOP-D137OBD with PID 14204 (E:\springboot\QRcodeback\target\classes started by DAGUAISHOU in E:\springboot\QRcodeback)
[INFO]2023-04-20 16:44:10,013 - No active profile set, falling back to 1 default profile: "default"
[INFO]2023-04-20 16:44:10,050 - Devtools property defaults active! Set 'spring.devtools.add-properties' to 'false' to disable
[INFO]2023-04-20 16:44:10,050 - For additional web related logging consider setting the 'logging.level.web' property to 'DEBUG'
[INFO]2023-04-20 16:44:11,430 - Tomcat initialized with port(s): 9999 (http)
[INFO]2023-04-20 16:44:11,431 - Loaded Apache Tomcat Native library [1.2.31] using APR version [1.7.0].
[INFO]2023-04-20 16:44:11,432 - APR capabilities: IPv6 [true], sendfile [true], accept filters [false], random [true], UDS [true].
[INFO]2023-04-20 16:44:11,432 - APR/OpenSSL configuration: useAprConnector [false], useOpenSSL [true]
[INFO]2023-04-20 16:44:11,436 - OpenSSL successfully initialized [OpenSSL 1.1.1l  24 Aug 2021]
[INFO]2023-04-20 16:44:11,442 - Initializing ProtocolHandler ["http-nio-9999"]
[INFO]2023-04-20 16:44:11,443 - Starting service [Tomcat]
[INFO]2023-04-20 16:44:11,443 - Starting Servlet engine: [Apache Tomcat/9.0.64]
[INFO]2023-04-20 16:44:11,532 - Initializing Spring embedded WebApplicationContext
[INFO]2023-04-20 16:44:11,532 - Root WebApplicationContext: initialization completed in 1482 ms
[INFO]2023-04-20 16:44:12,208 - LiveReload server is running on port 35729
[INFO]2023-04-20 16:44:12,221 - Starting ProtocolHandler ["http-nio-9999"]
[INFO]2023-04-20 16:44:12,237 - Tomcat started on port(s): 9999 (http) with context path ''
[INFO]2023-04-20 16:44:12,258 - Started QRcodebackApplication in 2.767 seconds (JVM running for 4.728)
[INFO]2023-04-20 21:16:14,936 - Initializing Spring DispatcherServlet 'dispatcherServlet'
[INFO]2023-04-20 21:16:14,936 - Initializing Servlet 'dispatcherServlet'
[INFO]2023-04-20 21:16:14,937 - Completed initialization in 1 ms
[INFO]2023-04-20 21:16:15,036 - HikariPool-1 - Starting...
[INFO]2023-04-20 21:16:15,158 - HikariPool-1 - Start completed.
[INFO]2023-04-20 22:36:18,041 - Error parsing HTTP request header
 Note: further occurrences of HTTP request parsing errors will be logged at DEBUG level.
java.lang.IllegalArgumentException: Invalid character found in method name [ZZ0xaaU0x9400x000x000xed0x030x000x000x000x000x000x000x000x000x000x000x000x000x000x000x000x000x000x000xd10x000x000x00<?xml ]. HTTP method names must be tokens
	at org.apache.coyote.http11.Http11InputBuffer.parseRequestLine(Http11InputBuffer.java:419)
	at org.apache.coyote.http11.Http11Processor.service(Http11Processor.java:271)
	at org.apache.coyote.AbstractProcessorLight.process(AbstractProcessorLight.java:65)
	at org.apache.coyote.AbstractProtocol$ConnectionHandler.process(AbstractProtocol.java:890)
	at org.apache.tomcat.util.net.NioEndpoint$SocketProcessor.doRun(NioEndpoint.java:1787)
	at org.apache.tomcat.util.net.SocketProcessorBase.run(SocketProcessorBase.java:49)
	at org.apache.tomcat.util.threads.ThreadPoolExecutor.runWorker(ThreadPoolExecutor.java:1191)
	at org.apache.tomcat.util.threads.ThreadPoolExecutor$Worker.run(ThreadPoolExecutor.java:659)
	at org.apache.tomcat.util.threads.TaskThread$WrappingRunnable.run(TaskThread.java:61)
	at java.lang.Thread.run(Thread.java:748)
