[INFO]2023-04-09 17:32:51,776 - Starting QRcodebackApplication using Java 1.8.0_301 on DESKTOP-D137OBD with PID 1336 (E:\springboot\QRcodeback\target\classes started by DAGUAISHOU in E:\springboot\QRcodeback)
[INFO]2023-04-09 17:32:51,777 - No active profile set, falling back to 1 default profile: "default"
[INFO]2023-04-09 17:32:52,319 - Tomcat initialized with port(s): 8888 (http)
[INFO]2023-04-09 17:32:52,319 - Loaded Apache Tomcat Native library [1.2.31] using APR version [1.7.0].
[INFO]2023-04-09 17:32:52,319 - APR capabilities: IPv6 [true], sendfile [true], accept filters [false], random [true], UDS [true].
[INFO]2023-04-09 17:32:52,319 - APR/OpenSSL configuration: useAprConnector [false], useOpenSSL [true]
[INFO]2023-04-09 17:32:52,324 - OpenSSL successfully initialized [OpenSSL 1.1.1l  24 Aug 2021]
[INFO]2023-04-09 17:32:52,324 - Initializing ProtocolHandler ["http-nio-8888"]
[INFO]2023-04-09 17:32:52,324 - Starting service [Tomcat]
[INFO]2023-04-09 17:32:52,325 - Starting Servlet engine: [Apache Tomcat/9.0.64]
[INFO]2023-04-09 17:32:52,386 - Initializing Spring embedded WebApplicationContext
[INFO]2023-04-09 17:32:52,386 - Root WebApplicationContext: initialization completed in 604 ms
[INFO]2023-04-09 17:32:52,801 - LiveReload server is running on port 35729
[INFO]2023-04-09 17:32:52,818 - Starting ProtocolHandler ["http-nio-8888"]
[INFO]2023-04-09 17:32:52,841 - Tomcat started on port(s): 8888 (http) with context path ''
[INFO]2023-04-09 17:32:52,867 - Started QRcodebackApplication in 1.178 seconds (JVM running for 260358.036)
[INFO]2023-04-09 17:32:52,869 - Condition evaluation unchanged
[INFO]2023-04-09 17:37:14,740 - Starting QRcodebackApplication using Java 1.8.0_301 on DESKTOP-D137OBD with PID 18764 (E:\springboot\QRcodeback\target\classes started by DAGUAISHOU in E:\springboot\QRcodeback)
[INFO]2023-04-09 17:37:14,741 - No active profile set, falling back to 1 default profile: "default"
[INFO]2023-04-09 17:37:14,785 - Devtools property defaults active! Set 'spring.devtools.add-properties' to 'false' to disable
[INFO]2023-04-09 17:37:14,785 - For additional web related logging consider setting the 'logging.level.web' property to 'DEBUG'
[INFO]2023-04-09 17:37:16,219 - Tomcat initialized with port(s): 8888 (http)
[INFO]2023-04-09 17:37:16,221 - Loaded Apache Tomcat Native library [1.2.31] using APR version [1.7.0].
[INFO]2023-04-09 17:37:16,221 - APR capabilities: IPv6 [true], sendfile [true], accept filters [false], random [true], UDS [true].
[INFO]2023-04-09 17:37:16,221 - APR/OpenSSL configuration: useAprConnector [false], useOpenSSL [true]
[INFO]2023-04-09 17:37:16,234 - OpenSSL successfully initialized [OpenSSL 1.1.1l  24 Aug 2021]
[INFO]2023-04-09 17:37:16,241 - Initializing ProtocolHandler ["http-nio-8888"]
[INFO]2023-04-09 17:37:16,241 - Starting service [Tomcat]
[INFO]2023-04-09 17:37:16,242 - Starting Servlet engine: [Apache Tomcat/9.0.64]
[INFO]2023-04-09 17:37:16,341 - Initializing Spring embedded WebApplicationContext
[INFO]2023-04-09 17:37:16,342 - Root WebApplicationContext: initialization completed in 1557 ms
[INFO]2023-04-09 17:37:17,033 - LiveReload server is running on port 35729
[INFO]2023-04-09 17:37:17,045 - Starting ProtocolHandler ["http-nio-8888"]
[INFO]2023-04-09 17:37:17,061 - Tomcat started on port(s): 8888 (http) with context path ''
[INFO]2023-04-09 17:37:17,082 - Started QRcodebackApplication in 2.883 seconds (JVM running for 4.736)
[INFO]2023-04-09 17:39:56,695 - Starting QRcodebackApplication using Java 1.8.0_301 on DESKTOP-D137OBD with PID 11008 (E:\springboot\QRcodeback\target\classes started by DAGUAISHOU in E:\springboot\QRcodeback)
[INFO]2023-04-09 17:39:56,696 - No active profile set, falling back to 1 default profile: "default"
[INFO]2023-04-09 17:39:56,758 - Devtools property defaults active! Set 'spring.devtools.add-properties' to 'false' to disable
[INFO]2023-04-09 17:39:56,759 - For additional web related logging consider setting the 'logging.level.web' property to 'DEBUG'
[INFO]2023-04-09 17:39:57,963 - Tomcat initialized with port(s): 8888 (http)
[INFO]2023-04-09 17:39:57,964 - Loaded Apache Tomcat Native library [1.2.31] using APR version [1.7.0].
[INFO]2023-04-09 17:39:57,964 - APR capabilities: IPv6 [true], sendfile [true], accept filters [false], random [true], UDS [true].
[INFO]2023-04-09 17:39:57,965 - APR/OpenSSL configuration: useAprConnector [false], useOpenSSL [true]
[INFO]2023-04-09 17:39:57,968 - OpenSSL successfully initialized [OpenSSL 1.1.1l  24 Aug 2021]
[INFO]2023-04-09 17:39:57,976 - Initializing ProtocolHandler ["http-nio-8888"]
[INFO]2023-04-09 17:39:57,976 - Starting service [Tomcat]
[INFO]2023-04-09 17:39:57,976 - Starting Servlet engine: [Apache Tomcat/9.0.64]
[INFO]2023-04-09 17:39:58,089 - Initializing Spring embedded WebApplicationContext
[INFO]2023-04-09 17:39:58,089 - Root WebApplicationContext: initialization completed in 1330 ms
[INFO]2023-04-09 17:39:58,749 - LiveReload server is running on port 35729
[INFO]2023-04-09 17:39:58,761 - Starting ProtocolHandler ["http-nio-8888"]
[INFO]2023-04-09 17:39:58,777 - Tomcat started on port(s): 8888 (http) with context path ''
[INFO]2023-04-09 17:39:58,797 - Started QRcodebackApplication in 2.662 seconds (JVM running for 4.522)
[INFO]2023-04-09 17:41:43,666 - Initializing Spring DispatcherServlet 'dispatcherServlet'
[INFO]2023-04-09 17:41:43,666 - Initializing Servlet 'dispatcherServlet'
[INFO]2023-04-09 17:41:43,667 - Completed initialization in 1 ms
[INFO]2023-04-09 17:42:04,578 - Starting QRcodebackApplication using Java 1.8.0_301 on DESKTOP-D137OBD with PID 11008 (E:\springboot\QRcodeback\target\classes started by DAGUAISHOU in E:\springboot\QRcodeback)
[INFO]2023-04-09 17:42:04,579 - No active profile set, falling back to 1 default profile: "default"
[INFO]2023-04-09 17:42:04,904 - Tomcat initialized with port(s): 8888 (http)
[INFO]2023-04-09 17:42:04,904 - Loaded Apache Tomcat Native library [1.2.31] using APR version [1.7.0].
[INFO]2023-04-09 17:42:04,904 - APR capabilities: IPv6 [true], sendfile [true], accept filters [false], random [true], UDS [true].
[INFO]2023-04-09 17:42:04,904 - APR/OpenSSL configuration: useAprConnector [false], useOpenSSL [true]
[INFO]2023-04-09 17:42:04,904 - OpenSSL successfully initialized [OpenSSL 1.1.1l  24 Aug 2021]
[INFO]2023-04-09 17:42:04,905 - Initializing ProtocolHandler ["http-nio-8888"]
[INFO]2023-04-09 17:42:04,905 - Starting service [Tomcat]
[INFO]2023-04-09 17:42:04,905 - Starting Servlet engine: [Apache Tomcat/9.0.64]
[INFO]2023-04-09 17:42:04,939 - Initializing Spring embedded WebApplicationContext
[INFO]2023-04-09 17:42:04,939 - Root WebApplicationContext: initialization completed in 358 ms
[INFO]2023-04-09 17:42:05,186 - LiveReload server is running on port 35729
[INFO]2023-04-09 17:42:05,194 - Starting ProtocolHandler ["http-nio-8888"]
[INFO]2023-04-09 17:42:05,199 - Tomcat started on port(s): 8888 (http) with context path ''
[INFO]2023-04-09 17:42:05,211 - Started QRcodebackApplication in 0.666 seconds (JVM running for 130.935)
[INFO]2023-04-09 17:42:05,212 - Condition evaluation unchanged
[INFO]2023-04-09 17:42:07,784 - Starting QRcodebackApplication using Java 1.8.0_301 on DESKTOP-D137OBD with PID 11008 (E:\springboot\QRcodeback\target\classes started by DAGUAISHOU in E:\springboot\QRcodeback)
[INFO]2023-04-09 17:42:07,785 - No active profile set, falling back to 1 default profile: "default"
[INFO]2023-04-09 17:42:07,970 - Tomcat initialized with port(s): 8888 (http)
[INFO]2023-04-09 17:42:07,970 - Loaded Apache Tomcat Native library [1.2.31] using APR version [1.7.0].
[INFO]2023-04-09 17:42:07,970 - APR capabilities: IPv6 [true], sendfile [true], accept filters [false], random [true], UDS [true].
[INFO]2023-04-09 17:42:07,970 - APR/OpenSSL configuration: useAprConnector [false], useOpenSSL [true]
[INFO]2023-04-09 17:42:07,971 - OpenSSL successfully initialized [OpenSSL 1.1.1l  24 Aug 2021]
[INFO]2023-04-09 17:42:07,971 - Initializing ProtocolHandler ["http-nio-8888"]
[INFO]2023-04-09 17:42:07,971 - Starting service [Tomcat]
[INFO]2023-04-09 17:42:07,971 - Starting Servlet engine: [Apache Tomcat/9.0.64]
[INFO]2023-04-09 17:42:07,999 - Initializing Spring embedded WebApplicationContext
[INFO]2023-04-09 17:42:07,999 - Root WebApplicationContext: initialization completed in 213 ms
[INFO]2023-04-09 17:42:08,140 - LiveReload server is running on port 35729
[INFO]2023-04-09 17:42:08,147 - Starting ProtocolHandler ["http-nio-8888"]
[INFO]2023-04-09 17:42:08,152 - Tomcat started on port(s): 8888 (http) with context path ''
[INFO]2023-04-09 17:42:08,160 - Started QRcodebackApplication in 0.396 seconds (JVM running for 133.885)
[INFO]2023-04-09 17:42:08,161 - Condition evaluation unchanged
[INFO]2023-04-09 17:42:12,392 - Initializing Spring DispatcherServlet 'dispatcherServlet'
[INFO]2023-04-09 17:42:12,393 - Initializing Servlet 'dispatcherServlet'
[INFO]2023-04-09 17:42:12,394 - Completed initialization in 1 ms
[ERROR]2023-04-09 17:43:29,727 - Servlet.service() for servlet [dispatcherServlet] in context with path [] threw exception [Request processing failed; nested exception is org.springframework.web.multipart.MaxUploadSizeExceededException: Maximum upload size exceeded; nested exception is java.lang.IllegalStateException: org.apache.tomcat.util.http.fileupload.impl.FileSizeLimitExceededException: The field file exceeds its maximum permitted size of 1048576 bytes.] with root cause
org.apache.tomcat.util.http.fileupload.impl.FileSizeLimitExceededException: The field file exceeds its maximum permitted size of 1048576 bytes.
	at org.apache.tomcat.util.http.fileupload.impl.FileItemStreamImpl$1.raiseError(FileItemStreamImpl.java:117)
	at org.apache.tomcat.util.http.fileupload.util.LimitedInputStream.checkLimit(LimitedInputStream.java:76)
	at org.apache.tomcat.util.http.fileupload.util.LimitedInputStream.read(LimitedInputStream.java:135)
	at java.io.FilterInputStream.read(FilterInputStream.java:107)
	at org.apache.tomcat.util.http.fileupload.util.Streams.copy(Streams.java:97)
	at org.apache.tomcat.util.http.fileupload.FileUploadBase.parseRequest(FileUploadBase.java:288)
	at org.apache.catalina.connector.Request.parseParts(Request.java:2932)
	at org.apache.catalina.connector.Request.getParts(Request.java:2834)
	at org.apache.catalina.connector.RequestFacade.getParts(RequestFacade.java:1098)
	at org.springframework.web.multipart.support.StandardMultipartHttpServletRequest.parseRequest(StandardMultipartHttpServletRequest.java:95)
	at org.springframework.web.multipart.support.StandardMultipartHttpServletRequest.<init>(StandardMultipartHttpServletRequest.java:88)
	at org.springframework.web.multipart.support.StandardServletMultipartResolver.resolveMultipart(StandardServletMultipartResolver.java:122)
	at org.springframework.web.servlet.DispatcherServlet.checkMultipart(DispatcherServlet.java:1205)
	at org.springframework.web.servlet.DispatcherServlet.doDispatch(DispatcherServlet.java:1039)
	at org.springframework.web.servlet.DispatcherServlet.doService(DispatcherServlet.java:963)
	at org.springframework.web.servlet.FrameworkServlet.processRequest(FrameworkServlet.java:1006)
	at org.springframework.web.servlet.FrameworkServlet.doPost(FrameworkServlet.java:909)
	at javax.servlet.http.HttpServlet.service(HttpServlet.java:681)
	at org.springframework.web.servlet.FrameworkServlet.service(FrameworkServlet.java:883)
	at javax.servlet.http.HttpServlet.service(HttpServlet.java:764)
	at org.apache.catalina.core.ApplicationFilterChain.internalDoFilter(ApplicationFilterChain.java:227)
	at org.apache.catalina.core.ApplicationFilterChain.doFilter(ApplicationFilterChain.java:162)
	at org.apache.tomcat.websocket.server.WsFilter.doFilter(WsFilter.java:53)
	at org.apache.catalina.core.ApplicationFilterChain.internalDoFilter(ApplicationFilterChain.java:189)
	at org.apache.catalina.core.ApplicationFilterChain.doFilter(ApplicationFilterChain.java:162)
	at org.springframework.web.filter.RequestContextFilter.doFilterInternal(RequestContextFilter.java:100)
	at org.springframework.web.filter.OncePerRequestFilter.doFilter(OncePerRequestFilter.java:117)
	at org.apache.catalina.core.ApplicationFilterChain.internalDoFilter(ApplicationFilterChain.java:189)
	at org.apache.catalina.core.ApplicationFilterChain.doFilter(ApplicationFilterChain.java:162)
	at org.springframework.web.filter.FormContentFilter.doFilterInternal(FormContentFilter.java:93)
	at org.springframework.web.filter.OncePerRequestFilter.doFilter(OncePerRequestFilter.java:117)
	at org.apache.catalina.core.ApplicationFilterChain.internalDoFilter(ApplicationFilterChain.java:189)
	at org.apache.catalina.core.ApplicationFilterChain.doFilter(ApplicationFilterChain.java:162)
	at org.springframework.web.filter.CharacterEncodingFilter.doFilterInternal(CharacterEncodingFilter.java:201)
	at org.springframework.web.filter.OncePerRequestFilter.doFilter(OncePerRequestFilter.java:117)
	at org.apache.catalina.core.ApplicationFilterChain.internalDoFilter(ApplicationFilterChain.java:189)
	at org.apache.catalina.core.ApplicationFilterChain.doFilter(ApplicationFilterChain.java:162)
	at org.apache.catalina.core.StandardWrapperValve.invoke(StandardWrapperValve.java:197)
	at org.apache.catalina.core.StandardContextValve.invoke(StandardContextValve.java:97)
	at org.apache.catalina.authenticator.AuthenticatorBase.invoke(AuthenticatorBase.java:541)
	at org.apache.catalina.core.StandardHostValve.invoke(StandardHostValve.java:135)
	at org.apache.catalina.valves.ErrorReportValve.invoke(ErrorReportValve.java:92)
	at org.apache.catalina.core.StandardEngineValve.invoke(StandardEngineValve.java:78)
	at org.apache.catalina.connector.CoyoteAdapter.service(CoyoteAdapter.java:360)
	at org.apache.coyote.http11.Http11Processor.service(Http11Processor.java:399)
	at org.apache.coyote.AbstractProcessorLight.process(AbstractProcessorLight.java:65)
	at org.apache.coyote.AbstractProtocol$ConnectionHandler.process(AbstractProtocol.java:890)
	at org.apache.tomcat.util.net.NioEndpoint$SocketProcessor.doRun(NioEndpoint.java:1787)
	at org.apache.tomcat.util.net.SocketProcessorBase.run(SocketProcessorBase.java:49)
	at org.apache.tomcat.util.threads.ThreadPoolExecutor.runWorker(ThreadPoolExecutor.java:1191)
	at org.apache.tomcat.util.threads.ThreadPoolExecutor$Worker.run(ThreadPoolExecutor.java:659)
	at org.apache.tomcat.util.threads.TaskThread$WrappingRunnable.run(TaskThread.java:61)
	at java.lang.Thread.run(Thread.java:748)
[INFO]2023-04-09 17:44:15,778 - Starting QRcodebackApplication using Java 1.8.0_301 on DESKTOP-D137OBD with PID 11008 (E:\springboot\QRcodeback\target\classes started by DAGUAISHOU in E:\springboot\QRcodeback)
[INFO]2023-04-09 17:44:15,778 - No active profile set, falling back to 1 default profile: "default"
[INFO]2023-04-09 17:44:16,222 - Tomcat initialized with port(s): 8888 (http)
[INFO]2023-04-09 17:44:16,222 - Loaded Apache Tomcat Native library [1.2.31] using APR version [1.7.0].
[INFO]2023-04-09 17:44:16,222 - APR capabilities: IPv6 [true], sendfile [true], accept filters [false], random [true], UDS [true].
[INFO]2023-04-09 17:44:16,223 - APR/OpenSSL configuration: useAprConnector [false], useOpenSSL [true]
[INFO]2023-04-09 17:44:16,223 - OpenSSL successfully initialized [OpenSSL 1.1.1l  24 Aug 2021]
[INFO]2023-04-09 17:44:16,223 - Initializing ProtocolHandler ["http-nio-8888"]
[INFO]2023-04-09 17:44:16,223 - Starting service [Tomcat]
[INFO]2023-04-09 17:44:16,223 - Starting Servlet engine: [Apache Tomcat/9.0.64]
[INFO]2023-04-09 17:44:16,255 - Initializing Spring embedded WebApplicationContext
[INFO]2023-04-09 17:44:16,255 - Root WebApplicationContext: initialization completed in 475 ms
[INFO]2023-04-09 17:44:16,412 - LiveReload server is running on port 35729
[INFO]2023-04-09 17:44:16,418 - Starting ProtocolHandler ["http-nio-8888"]
[INFO]2023-04-09 17:44:16,422 - Tomcat started on port(s): 8888 (http) with context path ''
[INFO]2023-04-09 17:44:16,429 - Started QRcodebackApplication in 0.689 seconds (JVM running for 262.154)
[INFO]2023-04-09 17:44:16,430 - Condition evaluation unchanged
[INFO]2023-04-09 17:44:21,910 - Initializing Spring DispatcherServlet 'dispatcherServlet'
[INFO]2023-04-09 17:44:21,911 - Initializing Servlet 'dispatcherServlet'
[INFO]2023-04-09 17:44:21,912 - Completed initialization in 1 ms
[ERROR]2023-04-09 17:44:22,995 - Servlet.service() for servlet [dispatcherServlet] in context with path [] threw exception [Request processing failed; nested exception is org.springframework.web.multipart.MaxUploadSizeExceededException: Maximum upload size exceeded; nested exception is java.lang.IllegalStateException: org.apache.tomcat.util.http.fileupload.impl.FileSizeLimitExceededException: The field file exceeds its maximum permitted size of 1048576 bytes.] with root cause
org.apache.tomcat.util.http.fileupload.impl.FileSizeLimitExceededException: The field file exceeds its maximum permitted size of 1048576 bytes.
	at org.apache.tomcat.util.http.fileupload.impl.FileItemStreamImpl$1.raiseError(FileItemStreamImpl.java:117)
	at org.apache.tomcat.util.http.fileupload.util.LimitedInputStream.checkLimit(LimitedInputStream.java:76)
	at org.apache.tomcat.util.http.fileupload.util.LimitedInputStream.read(LimitedInputStream.java:135)
	at java.io.FilterInputStream.read(FilterInputStream.java:107)
	at org.apache.tomcat.util.http.fileupload.util.Streams.copy(Streams.java:97)
	at org.apache.tomcat.util.http.fileupload.FileUploadBase.parseRequest(FileUploadBase.java:288)
	at org.apache.catalina.connector.Request.parseParts(Request.java:2932)
	at org.apache.catalina.connector.Request.getParts(Request.java:2834)
	at org.apache.catalina.connector.RequestFacade.getParts(RequestFacade.java:1098)
	at org.springframework.web.multipart.support.StandardMultipartHttpServletRequest.parseRequest(StandardMultipartHttpServletRequest.java:95)
	at org.springframework.web.multipart.support.StandardMultipartHttpServletRequest.<init>(StandardMultipartHttpServletRequest.java:88)
	at org.springframework.web.multipart.support.StandardServletMultipartResolver.resolveMultipart(StandardServletMultipartResolver.java:122)
	at org.springframework.web.servlet.DispatcherServlet.checkMultipart(DispatcherServlet.java:1205)
	at org.springframework.web.servlet.DispatcherServlet.doDispatch(DispatcherServlet.java:1039)
	at org.springframework.web.servlet.DispatcherServlet.doService(DispatcherServlet.java:963)
	at org.springframework.web.servlet.FrameworkServlet.processRequest(FrameworkServlet.java:1006)
	at org.springframework.web.servlet.FrameworkServlet.doPost(FrameworkServlet.java:909)
	at javax.servlet.http.HttpServlet.service(HttpServlet.java:681)
	at org.springframework.web.servlet.FrameworkServlet.service(FrameworkServlet.java:883)
	at javax.servlet.http.HttpServlet.service(HttpServlet.java:764)
	at org.apache.catalina.core.ApplicationFilterChain.internalDoFilter(ApplicationFilterChain.java:227)
	at org.apache.catalina.core.ApplicationFilterChain.doFilter(ApplicationFilterChain.java:162)
	at org.apache.tomcat.websocket.server.WsFilter.doFilter(WsFilter.java:53)
	at org.apache.catalina.core.ApplicationFilterChain.internalDoFilter(ApplicationFilterChain.java:189)
	at org.apache.catalina.core.ApplicationFilterChain.doFilter(ApplicationFilterChain.java:162)
	at org.springframework.web.filter.RequestContextFilter.doFilterInternal(RequestContextFilter.java:100)
	at org.springframework.web.filter.OncePerRequestFilter.doFilter(OncePerRequestFilter.java:117)
	at org.apache.catalina.core.ApplicationFilterChain.internalDoFilter(ApplicationFilterChain.java:189)
	at org.apache.catalina.core.ApplicationFilterChain.doFilter(ApplicationFilterChain.java:162)
	at org.springframework.web.filter.FormContentFilter.doFilterInternal(FormContentFilter.java:93)
	at org.springframework.web.filter.OncePerRequestFilter.doFilter(OncePerRequestFilter.java:117)
	at org.apache.catalina.core.ApplicationFilterChain.internalDoFilter(ApplicationFilterChain.java:189)
	at org.apache.catalina.core.ApplicationFilterChain.doFilter(ApplicationFilterChain.java:162)
	at org.springframework.web.filter.CharacterEncodingFilter.doFilterInternal(CharacterEncodingFilter.java:201)
	at org.springframework.web.filter.OncePerRequestFilter.doFilter(OncePerRequestFilter.java:117)
	at org.apache.catalina.core.ApplicationFilterChain.internalDoFilter(ApplicationFilterChain.java:189)
	at org.apache.catalina.core.ApplicationFilterChain.doFilter(ApplicationFilterChain.java:162)
	at org.apache.catalina.core.StandardWrapperValve.invoke(StandardWrapperValve.java:197)
	at org.apache.catalina.core.StandardContextValve.invoke(StandardContextValve.java:97)
	at org.apache.catalina.authenticator.AuthenticatorBase.invoke(AuthenticatorBase.java:541)
	at org.apache.catalina.core.StandardHostValve.invoke(StandardHostValve.java:135)
	at org.apache.catalina.valves.ErrorReportValve.invoke(ErrorReportValve.java:92)
	at org.apache.catalina.core.StandardEngineValve.invoke(StandardEngineValve.java:78)
	at org.apache.catalina.connector.CoyoteAdapter.service(CoyoteAdapter.java:360)
	at org.apache.coyote.http11.Http11Processor.service(Http11Processor.java:399)
	at org.apache.coyote.AbstractProcessorLight.process(AbstractProcessorLight.java:65)
	at org.apache.coyote.AbstractProtocol$ConnectionHandler.process(AbstractProtocol.java:890)
	at org.apache.tomcat.util.net.NioEndpoint$SocketProcessor.doRun(NioEndpoint.java:1787)
	at org.apache.tomcat.util.net.SocketProcessorBase.run(SocketProcessorBase.java:49)
	at org.apache.tomcat.util.threads.ThreadPoolExecutor.runWorker(ThreadPoolExecutor.java:1191)
	at org.apache.tomcat.util.threads.ThreadPoolExecutor$Worker.run(ThreadPoolExecutor.java:659)
	at org.apache.tomcat.util.threads.TaskThread$WrappingRunnable.run(TaskThread.java:61)
	at java.lang.Thread.run(Thread.java:748)
[ERROR]2023-04-09 17:44:24,037 - Servlet.service() for servlet [dispatcherServlet] in context with path [] threw exception [Request processing failed; nested exception is org.springframework.web.multipart.MaxUploadSizeExceededException: Maximum upload size exceeded; nested exception is java.lang.IllegalStateException: org.apache.tomcat.util.http.fileupload.impl.FileSizeLimitExceededException: The field file exceeds its maximum permitted size of 1048576 bytes.] with root cause
org.apache.tomcat.util.http.fileupload.impl.FileSizeLimitExceededException: The field file exceeds its maximum permitted size of 1048576 bytes.
	at org.apache.tomcat.util.http.fileupload.impl.FileItemStreamImpl$1.raiseError(FileItemStreamImpl.java:117)
	at org.apache.tomcat.util.http.fileupload.util.LimitedInputStream.checkLimit(LimitedInputStream.java:76)
	at org.apache.tomcat.util.http.fileupload.util.LimitedInputStream.read(LimitedInputStream.java:135)
	at java.io.FilterInputStream.read(FilterInputStream.java:107)
	at org.apache.tomcat.util.http.fileupload.util.Streams.copy(Streams.java:97)
	at org.apache.tomcat.util.http.fileupload.FileUploadBase.parseRequest(FileUploadBase.java:288)
	at org.apache.catalina.connector.Request.parseParts(Request.java:2932)
	at org.apache.catalina.connector.Request.getParts(Request.java:2834)
	at org.apache.catalina.connector.RequestFacade.getParts(RequestFacade.java:1098)
	at org.springframework.web.multipart.support.StandardMultipartHttpServletRequest.parseRequest(StandardMultipartHttpServletRequest.java:95)
	at org.springframework.web.multipart.support.StandardMultipartHttpServletRequest.<init>(StandardMultipartHttpServletRequest.java:88)
	at org.springframework.web.multipart.support.StandardServletMultipartResolver.resolveMultipart(StandardServletMultipartResolver.java:122)
	at org.springframework.web.servlet.DispatcherServlet.checkMultipart(DispatcherServlet.java:1205)
	at org.springframework.web.servlet.DispatcherServlet.doDispatch(DispatcherServlet.java:1039)
	at org.springframework.web.servlet.DispatcherServlet.doService(DispatcherServlet.java:963)
	at org.springframework.web.servlet.FrameworkServlet.processRequest(FrameworkServlet.java:1006)
	at org.springframework.web.servlet.FrameworkServlet.doPost(FrameworkServlet.java:909)
	at javax.servlet.http.HttpServlet.service(HttpServlet.java:681)
	at org.springframework.web.servlet.FrameworkServlet.service(FrameworkServlet.java:883)
	at javax.servlet.http.HttpServlet.service(HttpServlet.java:764)
	at org.apache.catalina.core.ApplicationFilterChain.internalDoFilter(ApplicationFilterChain.java:227)
	at org.apache.catalina.core.ApplicationFilterChain.doFilter(ApplicationFilterChain.java:162)
	at org.apache.tomcat.websocket.server.WsFilter.doFilter(WsFilter.java:53)
	at org.apache.catalina.core.ApplicationFilterChain.internalDoFilter(ApplicationFilterChain.java:189)
	at org.apache.catalina.core.ApplicationFilterChain.doFilter(ApplicationFilterChain.java:162)
	at org.springframework.web.filter.RequestContextFilter.doFilterInternal(RequestContextFilter.java:100)
	at org.springframework.web.filter.OncePerRequestFilter.doFilter(OncePerRequestFilter.java:117)
	at org.apache.catalina.core.ApplicationFilterChain.internalDoFilter(ApplicationFilterChain.java:189)
	at org.apache.catalina.core.ApplicationFilterChain.doFilter(ApplicationFilterChain.java:162)
	at org.springframework.web.filter.FormContentFilter.doFilterInternal(FormContentFilter.java:93)
	at org.springframework.web.filter.OncePerRequestFilter.doFilter(OncePerRequestFilter.java:117)
	at org.apache.catalina.core.ApplicationFilterChain.internalDoFilter(ApplicationFilterChain.java:189)
	at org.apache.catalina.core.ApplicationFilterChain.doFilter(ApplicationFilterChain.java:162)
	at org.springframework.web.filter.CharacterEncodingFilter.doFilterInternal(CharacterEncodingFilter.java:201)
	at org.springframework.web.filter.OncePerRequestFilter.doFilter(OncePerRequestFilter.java:117)
	at org.apache.catalina.core.ApplicationFilterChain.internalDoFilter(ApplicationFilterChain.java:189)
	at org.apache.catalina.core.ApplicationFilterChain.doFilter(ApplicationFilterChain.java:162)
	at org.apache.catalina.core.StandardWrapperValve.invoke(StandardWrapperValve.java:197)
	at org.apache.catalina.core.StandardContextValve.invoke(StandardContextValve.java:97)
	at org.apache.catalina.authenticator.AuthenticatorBase.invoke(AuthenticatorBase.java:541)
	at org.apache.catalina.core.StandardHostValve.invoke(StandardHostValve.java:135)
	at org.apache.catalina.valves.ErrorReportValve.invoke(ErrorReportValve.java:92)
	at org.apache.catalina.core.StandardEngineValve.invoke(StandardEngineValve.java:78)
	at org.apache.catalina.connector.CoyoteAdapter.service(CoyoteAdapter.java:360)
	at org.apache.coyote.http11.Http11Processor.service(Http11Processor.java:399)
	at org.apache.coyote.AbstractProcessorLight.process(AbstractProcessorLight.java:65)
	at org.apache.coyote.AbstractProtocol$ConnectionHandler.process(AbstractProtocol.java:890)
	at org.apache.tomcat.util.net.NioEndpoint$SocketProcessor.doRun(NioEndpoint.java:1787)
	at org.apache.tomcat.util.net.SocketProcessorBase.run(SocketProcessorBase.java:49)
	at org.apache.tomcat.util.threads.ThreadPoolExecutor.runWorker(ThreadPoolExecutor.java:1191)
	at org.apache.tomcat.util.threads.ThreadPoolExecutor$Worker.run(ThreadPoolExecutor.java:659)
	at org.apache.tomcat.util.threads.TaskThread$WrappingRunnable.run(TaskThread.java:61)
	at java.lang.Thread.run(Thread.java:748)
[ERROR]2023-04-09 17:44:25,098 - Servlet.service() for servlet [dispatcherServlet] in context with path [] threw exception [Request processing failed; nested exception is org.springframework.web.multipart.MaxUploadSizeExceededException: Maximum upload size exceeded; nested exception is java.lang.IllegalStateException: org.apache.tomcat.util.http.fileupload.impl.FileSizeLimitExceededException: The field file exceeds its maximum permitted size of 1048576 bytes.] with root cause
org.apache.tomcat.util.http.fileupload.impl.FileSizeLimitExceededException: The field file exceeds its maximum permitted size of 1048576 bytes.
	at org.apache.tomcat.util.http.fileupload.impl.FileItemStreamImpl$1.raiseError(FileItemStreamImpl.java:117)
	at org.apache.tomcat.util.http.fileupload.util.LimitedInputStream.checkLimit(LimitedInputStream.java:76)
	at org.apache.tomcat.util.http.fileupload.util.LimitedInputStream.read(LimitedInputStream.java:135)
	at java.io.FilterInputStream.read(FilterInputStream.java:107)
	at org.apache.tomcat.util.http.fileupload.util.Streams.copy(Streams.java:97)
	at org.apache.tomcat.util.http.fileupload.FileUploadBase.parseRequest(FileUploadBase.java:288)
	at org.apache.catalina.connector.Request.parseParts(Request.java:2932)
	at org.apache.catalina.connector.Request.getParts(Request.java:2834)
	at org.apache.catalina.connector.RequestFacade.getParts(RequestFacade.java:1098)
	at org.springframework.web.multipart.support.StandardMultipartHttpServletRequest.parseRequest(StandardMultipartHttpServletRequest.java:95)
	at org.springframework.web.multipart.support.StandardMultipartHttpServletRequest.<init>(StandardMultipartHttpServletRequest.java:88)
	at org.springframework.web.multipart.support.StandardServletMultipartResolver.resolveMultipart(StandardServletMultipartResolver.java:122)
	at org.springframework.web.servlet.DispatcherServlet.checkMultipart(DispatcherServlet.java:1205)
	at org.springframework.web.servlet.DispatcherServlet.doDispatch(DispatcherServlet.java:1039)
	at org.springframework.web.servlet.DispatcherServlet.doService(DispatcherServlet.java:963)
	at org.springframework.web.servlet.FrameworkServlet.processRequest(FrameworkServlet.java:1006)
	at org.springframework.web.servlet.FrameworkServlet.doPost(FrameworkServlet.java:909)
	at javax.servlet.http.HttpServlet.service(HttpServlet.java:681)
	at org.springframework.web.servlet.FrameworkServlet.service(FrameworkServlet.java:883)
	at javax.servlet.http.HttpServlet.service(HttpServlet.java:764)
	at org.apache.catalina.core.ApplicationFilterChain.internalDoFilter(ApplicationFilterChain.java:227)
	at org.apache.catalina.core.ApplicationFilterChain.doFilter(ApplicationFilterChain.java:162)
	at org.apache.tomcat.websocket.server.WsFilter.doFilter(WsFilter.java:53)
	at org.apache.catalina.core.ApplicationFilterChain.internalDoFilter(ApplicationFilterChain.java:189)
	at org.apache.catalina.core.ApplicationFilterChain.doFilter(ApplicationFilterChain.java:162)
	at org.springframework.web.filter.RequestContextFilter.doFilterInternal(RequestContextFilter.java:100)
	at org.springframework.web.filter.OncePerRequestFilter.doFilter(OncePerRequestFilter.java:117)
	at org.apache.catalina.core.ApplicationFilterChain.internalDoFilter(ApplicationFilterChain.java:189)
	at org.apache.catalina.core.ApplicationFilterChain.doFilter(ApplicationFilterChain.java:162)
	at org.springframework.web.filter.FormContentFilter.doFilterInternal(FormContentFilter.java:93)
	at org.springframework.web.filter.OncePerRequestFilter.doFilter(OncePerRequestFilter.java:117)
	at org.apache.catalina.core.ApplicationFilterChain.internalDoFilter(ApplicationFilterChain.java:189)
	at org.apache.catalina.core.ApplicationFilterChain.doFilter(ApplicationFilterChain.java:162)
	at org.springframework.web.filter.CharacterEncodingFilter.doFilterInternal(CharacterEncodingFilter.java:201)
	at org.springframework.web.filter.OncePerRequestFilter.doFilter(OncePerRequestFilter.java:117)
	at org.apache.catalina.core.ApplicationFilterChain.internalDoFilter(ApplicationFilterChain.java:189)
	at org.apache.catalina.core.ApplicationFilterChain.doFilter(ApplicationFilterChain.java:162)
	at org.apache.catalina.core.StandardWrapperValve.invoke(StandardWrapperValve.java:197)
	at org.apache.catalina.core.StandardContextValve.invoke(StandardContextValve.java:97)
	at org.apache.catalina.authenticator.AuthenticatorBase.invoke(AuthenticatorBase.java:541)
	at org.apache.catalina.core.StandardHostValve.invoke(StandardHostValve.java:135)
	at org.apache.catalina.valves.ErrorReportValve.invoke(ErrorReportValve.java:92)
	at org.apache.catalina.core.StandardEngineValve.invoke(StandardEngineValve.java:78)
	at org.apache.catalina.connector.CoyoteAdapter.service(CoyoteAdapter.java:360)
	at org.apache.coyote.http11.Http11Processor.service(Http11Processor.java:399)
	at org.apache.coyote.AbstractProcessorLight.process(AbstractProcessorLight.java:65)
	at org.apache.coyote.AbstractProtocol$ConnectionHandler.process(AbstractProtocol.java:890)
	at org.apache.tomcat.util.net.NioEndpoint$SocketProcessor.doRun(NioEndpoint.java:1787)
	at org.apache.tomcat.util.net.SocketProcessorBase.run(SocketProcessorBase.java:49)
	at org.apache.tomcat.util.threads.ThreadPoolExecutor.runWorker(ThreadPoolExecutor.java:1191)
	at org.apache.tomcat.util.threads.ThreadPoolExecutor$Worker.run(ThreadPoolExecutor.java:659)
	at org.apache.tomcat.util.threads.TaskThread$WrappingRunnable.run(TaskThread.java:61)
	at java.lang.Thread.run(Thread.java:748)
[ERROR]2023-04-09 21:01:49,589 - Servlet.service() for servlet [dispatcherServlet] in context with path [] threw exception [Request processing failed; nested exception is org.springframework.web.multipart.MaxUploadSizeExceededException: Maximum upload size exceeded; nested exception is java.lang.IllegalStateException: org.apache.tomcat.util.http.fileupload.impl.FileSizeLimitExceededException: The field file exceeds its maximum permitted size of 1048576 bytes.] with root cause
org.apache.tomcat.util.http.fileupload.impl.FileSizeLimitExceededException: The field file exceeds its maximum permitted size of 1048576 bytes.
	at org.apache.tomcat.util.http.fileupload.impl.FileItemStreamImpl$1.raiseError(FileItemStreamImpl.java:117)
	at org.apache.tomcat.util.http.fileupload.util.LimitedInputStream.checkLimit(LimitedInputStream.java:76)
	at org.apache.tomcat.util.http.fileupload.util.LimitedInputStream.read(LimitedInputStream.java:135)
	at java.io.FilterInputStream.read(FilterInputStream.java:107)
	at org.apache.tomcat.util.http.fileupload.util.Streams.copy(Streams.java:97)
	at org.apache.tomcat.util.http.fileupload.FileUploadBase.parseRequest(FileUploadBase.java:288)
	at org.apache.catalina.connector.Request.parseParts(Request.java:2932)
	at org.apache.catalina.connector.Request.getParts(Request.java:2834)
	at org.apache.catalina.connector.RequestFacade.getParts(RequestFacade.java:1098)
	at org.springframework.web.multipart.support.StandardMultipartHttpServletRequest.parseRequest(StandardMultipartHttpServletRequest.java:95)
	at org.springframework.web.multipart.support.StandardMultipartHttpServletRequest.<init>(StandardMultipartHttpServletRequest.java:88)
	at org.springframework.web.multipart.support.StandardServletMultipartResolver.resolveMultipart(StandardServletMultipartResolver.java:122)
	at org.springframework.web.servlet.DispatcherServlet.checkMultipart(DispatcherServlet.java:1205)
	at org.springframework.web.servlet.DispatcherServlet.doDispatch(DispatcherServlet.java:1039)
	at org.springframework.web.servlet.DispatcherServlet.doService(DispatcherServlet.java:963)
	at org.springframework.web.servlet.FrameworkServlet.processRequest(FrameworkServlet.java:1006)
	at org.springframework.web.servlet.FrameworkServlet.doPost(FrameworkServlet.java:909)
	at javax.servlet.http.HttpServlet.service(HttpServlet.java:681)
	at org.springframework.web.servlet.FrameworkServlet.service(FrameworkServlet.java:883)
	at javax.servlet.http.HttpServlet.service(HttpServlet.java:764)
	at org.apache.catalina.core.ApplicationFilterChain.internalDoFilter(ApplicationFilterChain.java:227)
	at org.apache.catalina.core.ApplicationFilterChain.doFilter(ApplicationFilterChain.java:162)
	at org.apache.tomcat.websocket.server.WsFilter.doFilter(WsFilter.java:53)
	at org.apache.catalina.core.ApplicationFilterChain.internalDoFilter(ApplicationFilterChain.java:189)
	at org.apache.catalina.core.ApplicationFilterChain.doFilter(ApplicationFilterChain.java:162)
	at org.springframework.web.filter.RequestContextFilter.doFilterInternal(RequestContextFilter.java:100)
	at org.springframework.web.filter.OncePerRequestFilter.doFilter(OncePerRequestFilter.java:117)
	at org.apache.catalina.core.ApplicationFilterChain.internalDoFilter(ApplicationFilterChain.java:189)
	at org.apache.catalina.core.ApplicationFilterChain.doFilter(ApplicationFilterChain.java:162)
	at org.springframework.web.filter.FormContentFilter.doFilterInternal(FormContentFilter.java:93)
	at org.springframework.web.filter.OncePerRequestFilter.doFilter(OncePerRequestFilter.java:117)
	at org.apache.catalina.core.ApplicationFilterChain.internalDoFilter(ApplicationFilterChain.java:189)
	at org.apache.catalina.core.ApplicationFilterChain.doFilter(ApplicationFilterChain.java:162)
	at org.springframework.web.filter.CharacterEncodingFilter.doFilterInternal(CharacterEncodingFilter.java:201)
	at org.springframework.web.filter.OncePerRequestFilter.doFilter(OncePerRequestFilter.java:117)
	at org.apache.catalina.core.ApplicationFilterChain.internalDoFilter(ApplicationFilterChain.java:189)
	at org.apache.catalina.core.ApplicationFilterChain.doFilter(ApplicationFilterChain.java:162)
	at org.apache.catalina.core.StandardWrapperValve.invoke(StandardWrapperValve.java:197)
	at org.apache.catalina.core.StandardContextValve.invoke(StandardContextValve.java:97)
	at org.apache.catalina.authenticator.AuthenticatorBase.invoke(AuthenticatorBase.java:541)
	at org.apache.catalina.core.StandardHostValve.invoke(StandardHostValve.java:135)
	at org.apache.catalina.valves.ErrorReportValve.invoke(ErrorReportValve.java:92)
	at org.apache.catalina.core.StandardEngineValve.invoke(StandardEngineValve.java:78)
	at org.apache.catalina.connector.CoyoteAdapter.service(CoyoteAdapter.java:360)
	at org.apache.coyote.http11.Http11Processor.service(Http11Processor.java:399)
	at org.apache.coyote.AbstractProcessorLight.process(AbstractProcessorLight.java:65)
	at org.apache.coyote.AbstractProtocol$ConnectionHandler.process(AbstractProtocol.java:890)
	at org.apache.tomcat.util.net.NioEndpoint$SocketProcessor.doRun(NioEndpoint.java:1787)
	at org.apache.tomcat.util.net.SocketProcessorBase.run(SocketProcessorBase.java:49)
	at org.apache.tomcat.util.threads.ThreadPoolExecutor.runWorker(ThreadPoolExecutor.java:1191)
	at org.apache.tomcat.util.threads.ThreadPoolExecutor$Worker.run(ThreadPoolExecutor.java:659)
	at org.apache.tomcat.util.threads.TaskThread$WrappingRunnable.run(TaskThread.java:61)
	at java.lang.Thread.run(Thread.java:748)
[ERROR]2023-04-09 21:05:29,467 - Servlet.service() for servlet [dispatcherServlet] in context with path [] threw exception [Request processing failed; nested exception is org.springframework.web.multipart.MaxUploadSizeExceededException: Maximum upload size exceeded; nested exception is java.lang.IllegalStateException: org.apache.tomcat.util.http.fileupload.impl.FileSizeLimitExceededException: The field file exceeds its maximum permitted size of 1048576 bytes.] with root cause
org.apache.tomcat.util.http.fileupload.impl.FileSizeLimitExceededException: The field file exceeds its maximum permitted size of 1048576 bytes.
	at org.apache.tomcat.util.http.fileupload.impl.FileItemStreamImpl$1.raiseError(FileItemStreamImpl.java:117)
	at org.apache.tomcat.util.http.fileupload.util.LimitedInputStream.checkLimit(LimitedInputStream.java:76)
	at org.apache.tomcat.util.http.fileupload.util.LimitedInputStream.read(LimitedInputStream.java:135)
	at java.io.FilterInputStream.read(FilterInputStream.java:107)
	at org.apache.tomcat.util.http.fileupload.util.Streams.copy(Streams.java:97)
	at org.apache.tomcat.util.http.fileupload.FileUploadBase.parseRequest(FileUploadBase.java:288)
	at org.apache.catalina.connector.Request.parseParts(Request.java:2932)
	at org.apache.catalina.connector.Request.getParts(Request.java:2834)
	at org.apache.catalina.connector.RequestFacade.getParts(RequestFacade.java:1098)
	at org.springframework.web.multipart.support.StandardMultipartHttpServletRequest.parseRequest(StandardMultipartHttpServletRequest.java:95)
	at org.springframework.web.multipart.support.StandardMultipartHttpServletRequest.<init>(StandardMultipartHttpServletRequest.java:88)
	at org.springframework.web.multipart.support.StandardServletMultipartResolver.resolveMultipart(StandardServletMultipartResolver.java:122)
	at org.springframework.web.servlet.DispatcherServlet.checkMultipart(DispatcherServlet.java:1205)
	at org.springframework.web.servlet.DispatcherServlet.doDispatch(DispatcherServlet.java:1039)
	at org.springframework.web.servlet.DispatcherServlet.doService(DispatcherServlet.java:963)
	at org.springframework.web.servlet.FrameworkServlet.processRequest(FrameworkServlet.java:1006)
	at org.springframework.web.servlet.FrameworkServlet.doPost(FrameworkServlet.java:909)
	at javax.servlet.http.HttpServlet.service(HttpServlet.java:681)
	at org.springframework.web.servlet.FrameworkServlet.service(FrameworkServlet.java:883)
	at javax.servlet.http.HttpServlet.service(HttpServlet.java:764)
	at org.apache.catalina.core.ApplicationFilterChain.internalDoFilter(ApplicationFilterChain.java:227)
	at org.apache.catalina.core.ApplicationFilterChain.doFilter(ApplicationFilterChain.java:162)
	at org.apache.tomcat.websocket.server.WsFilter.doFilter(WsFilter.java:53)
	at org.apache.catalina.core.ApplicationFilterChain.internalDoFilter(ApplicationFilterChain.java:189)
	at org.apache.catalina.core.ApplicationFilterChain.doFilter(ApplicationFilterChain.java:162)
	at org.springframework.web.filter.RequestContextFilter.doFilterInternal(RequestContextFilter.java:100)
	at org.springframework.web.filter.OncePerRequestFilter.doFilter(OncePerRequestFilter.java:117)
	at org.apache.catalina.core.ApplicationFilterChain.internalDoFilter(ApplicationFilterChain.java:189)
	at org.apache.catalina.core.ApplicationFilterChain.doFilter(ApplicationFilterChain.java:162)
	at org.springframework.web.filter.FormContentFilter.doFilterInternal(FormContentFilter.java:93)
	at org.springframework.web.filter.OncePerRequestFilter.doFilter(OncePerRequestFilter.java:117)
	at org.apache.catalina.core.ApplicationFilterChain.internalDoFilter(ApplicationFilterChain.java:189)
	at org.apache.catalina.core.ApplicationFilterChain.doFilter(ApplicationFilterChain.java:162)
	at org.springframework.web.filter.CharacterEncodingFilter.doFilterInternal(CharacterEncodingFilter.java:201)
	at org.springframework.web.filter.OncePerRequestFilter.doFilter(OncePerRequestFilter.java:117)
	at org.apache.catalina.core.ApplicationFilterChain.internalDoFilter(ApplicationFilterChain.java:189)
	at org.apache.catalina.core.ApplicationFilterChain.doFilter(ApplicationFilterChain.java:162)
	at org.apache.catalina.core.StandardWrapperValve.invoke(StandardWrapperValve.java:197)
	at org.apache.catalina.core.StandardContextValve.invoke(StandardContextValve.java:97)
	at org.apache.catalina.authenticator.AuthenticatorBase.invoke(AuthenticatorBase.java:541)
	at org.apache.catalina.core.StandardHostValve.invoke(StandardHostValve.java:135)
	at org.apache.catalina.valves.ErrorReportValve.invoke(ErrorReportValve.java:92)
	at org.apache.catalina.core.StandardEngineValve.invoke(StandardEngineValve.java:78)
	at org.apache.catalina.connector.CoyoteAdapter.service(CoyoteAdapter.java:360)
	at org.apache.coyote.http11.Http11Processor.service(Http11Processor.java:399)
	at org.apache.coyote.AbstractProcessorLight.process(AbstractProcessorLight.java:65)
	at org.apache.coyote.AbstractProtocol$ConnectionHandler.process(AbstractProtocol.java:890)
	at org.apache.tomcat.util.net.NioEndpoint$SocketProcessor.doRun(NioEndpoint.java:1787)
	at org.apache.tomcat.util.net.SocketProcessorBase.run(SocketProcessorBase.java:49)
	at org.apache.tomcat.util.threads.ThreadPoolExecutor.runWorker(ThreadPoolExecutor.java:1191)
	at org.apache.tomcat.util.threads.ThreadPoolExecutor$Worker.run(ThreadPoolExecutor.java:659)
	at org.apache.tomcat.util.threads.TaskThread$WrappingRunnable.run(TaskThread.java:61)
	at java.lang.Thread.run(Thread.java:748)
[ERROR]2023-04-09 21:05:30,497 - Servlet.service() for servlet [dispatcherServlet] in context with path [] threw exception [Request processing failed; nested exception is org.springframework.web.multipart.MaxUploadSizeExceededException: Maximum upload size exceeded; nested exception is java.lang.IllegalStateException: org.apache.tomcat.util.http.fileupload.impl.FileSizeLimitExceededException: The field file exceeds its maximum permitted size of 1048576 bytes.] with root cause
org.apache.tomcat.util.http.fileupload.impl.FileSizeLimitExceededException: The field file exceeds its maximum permitted size of 1048576 bytes.
	at org.apache.tomcat.util.http.fileupload.impl.FileItemStreamImpl$1.raiseError(FileItemStreamImpl.java:117)
	at org.apache.tomcat.util.http.fileupload.util.LimitedInputStream.checkLimit(LimitedInputStream.java:76)
	at org.apache.tomcat.util.http.fileupload.util.LimitedInputStream.read(LimitedInputStream.java:135)
	at java.io.FilterInputStream.read(FilterInputStream.java:107)
	at org.apache.tomcat.util.http.fileupload.util.Streams.copy(Streams.java:97)
	at org.apache.tomcat.util.http.fileupload.FileUploadBase.parseRequest(FileUploadBase.java:288)
	at org.apache.catalina.connector.Request.parseParts(Request.java:2932)
	at org.apache.catalina.connector.Request.getParts(Request.java:2834)
	at org.apache.catalina.connector.RequestFacade.getParts(RequestFacade.java:1098)
	at org.springframework.web.multipart.support.StandardMultipartHttpServletRequest.parseRequest(StandardMultipartHttpServletRequest.java:95)
	at org.springframework.web.multipart.support.StandardMultipartHttpServletRequest.<init>(StandardMultipartHttpServletRequest.java:88)
	at org.springframework.web.multipart.support.StandardServletMultipartResolver.resolveMultipart(StandardServletMultipartResolver.java:122)
	at org.springframework.web.servlet.DispatcherServlet.checkMultipart(DispatcherServlet.java:1205)
	at org.springframework.web.servlet.DispatcherServlet.doDispatch(DispatcherServlet.java:1039)
	at org.springframework.web.servlet.DispatcherServlet.doService(DispatcherServlet.java:963)
	at org.springframework.web.servlet.FrameworkServlet.processRequest(FrameworkServlet.java:1006)
	at org.springframework.web.servlet.FrameworkServlet.doPost(FrameworkServlet.java:909)
	at javax.servlet.http.HttpServlet.service(HttpServlet.java:681)
	at org.springframework.web.servlet.FrameworkServlet.service(FrameworkServlet.java:883)
	at javax.servlet.http.HttpServlet.service(HttpServlet.java:764)
	at org.apache.catalina.core.ApplicationFilterChain.internalDoFilter(ApplicationFilterChain.java:227)
	at org.apache.catalina.core.ApplicationFilterChain.doFilter(ApplicationFilterChain.java:162)
	at org.apache.tomcat.websocket.server.WsFilter.doFilter(WsFilter.java:53)
	at org.apache.catalina.core.ApplicationFilterChain.internalDoFilter(ApplicationFilterChain.java:189)
	at org.apache.catalina.core.ApplicationFilterChain.doFilter(ApplicationFilterChain.java:162)
	at org.springframework.web.filter.RequestContextFilter.doFilterInternal(RequestContextFilter.java:100)
	at org.springframework.web.filter.OncePerRequestFilter.doFilter(OncePerRequestFilter.java:117)
	at org.apache.catalina.core.ApplicationFilterChain.internalDoFilter(ApplicationFilterChain.java:189)
	at org.apache.catalina.core.ApplicationFilterChain.doFilter(ApplicationFilterChain.java:162)
	at org.springframework.web.filter.FormContentFilter.doFilterInternal(FormContentFilter.java:93)
	at org.springframework.web.filter.OncePerRequestFilter.doFilter(OncePerRequestFilter.java:117)
	at org.apache.catalina.core.ApplicationFilterChain.internalDoFilter(ApplicationFilterChain.java:189)
	at org.apache.catalina.core.ApplicationFilterChain.doFilter(ApplicationFilterChain.java:162)
	at org.springframework.web.filter.CharacterEncodingFilter.doFilterInternal(CharacterEncodingFilter.java:201)
	at org.springframework.web.filter.OncePerRequestFilter.doFilter(OncePerRequestFilter.java:117)
	at org.apache.catalina.core.ApplicationFilterChain.internalDoFilter(ApplicationFilterChain.java:189)
	at org.apache.catalina.core.ApplicationFilterChain.doFilter(ApplicationFilterChain.java:162)
	at org.apache.catalina.core.StandardWrapperValve.invoke(StandardWrapperValve.java:197)
	at org.apache.catalina.core.StandardContextValve.invoke(StandardContextValve.java:97)
	at org.apache.catalina.authenticator.AuthenticatorBase.invoke(AuthenticatorBase.java:541)
	at org.apache.catalina.core.StandardHostValve.invoke(StandardHostValve.java:135)
	at org.apache.catalina.valves.ErrorReportValve.invoke(ErrorReportValve.java:92)
	at org.apache.catalina.core.StandardEngineValve.invoke(StandardEngineValve.java:78)
	at org.apache.catalina.connector.CoyoteAdapter.service(CoyoteAdapter.java:360)
	at org.apache.coyote.http11.Http11Processor.service(Http11Processor.java:399)
	at org.apache.coyote.AbstractProcessorLight.process(AbstractProcessorLight.java:65)
	at org.apache.coyote.AbstractProtocol$ConnectionHandler.process(AbstractProtocol.java:890)
	at org.apache.tomcat.util.net.NioEndpoint$SocketProcessor.doRun(NioEndpoint.java:1787)
	at org.apache.tomcat.util.net.SocketProcessorBase.run(SocketProcessorBase.java:49)
	at org.apache.tomcat.util.threads.ThreadPoolExecutor.runWorker(ThreadPoolExecutor.java:1191)
	at org.apache.tomcat.util.threads.ThreadPoolExecutor$Worker.run(ThreadPoolExecutor.java:659)
	at org.apache.tomcat.util.threads.TaskThread$WrappingRunnable.run(TaskThread.java:61)
	at java.lang.Thread.run(Thread.java:748)
[INFO]2023-04-09 21:11:42,340 - Starting QRcodebackApplication using Java 1.8.0_301 on DESKTOP-D137OBD with PID 11008 (E:\springboot\QRcodeback\target\classes started by DAGUAISHOU in E:\springboot\QRcodeback)
[INFO]2023-04-09 21:11:42,340 - No active profile set, falling back to 1 default profile: "default"
[INFO]2023-04-09 21:11:42,834 - Tomcat initialized with port(s): 8888 (http)
[INFO]2023-04-09 21:11:42,834 - Loaded Apache Tomcat Native library [1.2.31] using APR version [1.7.0].
[INFO]2023-04-09 21:11:42,835 - APR capabilities: IPv6 [true], sendfile [true], accept filters [false], random [true], UDS [true].
[INFO]2023-04-09 21:11:42,835 - APR/OpenSSL configuration: useAprConnector [false], useOpenSSL [true]
[INFO]2023-04-09 21:11:42,835 - OpenSSL successfully initialized [OpenSSL 1.1.1l  24 Aug 2021]
[INFO]2023-04-09 21:11:42,835 - Initializing ProtocolHandler ["http-nio-8888"]
[INFO]2023-04-09 21:11:42,835 - Starting service [Tomcat]
[INFO]2023-04-09 21:11:42,836 - Starting Servlet engine: [Apache Tomcat/9.0.64]
[INFO]2023-04-09 21:11:42,871 - Initializing Spring embedded WebApplicationContext
[INFO]2023-04-09 21:11:42,871 - Root WebApplicationContext: initialization completed in 527 ms
[INFO]2023-04-09 21:11:43,155 - LiveReload server is running on port 35729
[INFO]2023-04-09 21:11:43,168 - Starting ProtocolHandler ["http-nio-8888"]
[INFO]2023-04-09 21:11:43,174 - Tomcat started on port(s): 8888 (http) with context path ''
[INFO]2023-04-09 21:11:43,190 - Started QRcodebackApplication in 0.922 seconds (JVM running for 12708.915)
[INFO]2023-04-09 21:11:43,191 - Condition evaluation unchanged
[INFO]2023-04-09 21:11:43,841 - Initializing Spring DispatcherServlet 'dispatcherServlet'
[INFO]2023-04-09 21:11:43,842 - Initializing Servlet 'dispatcherServlet'
[INFO]2023-04-09 21:11:43,844 - Completed initialization in 2 ms
[INFO]2023-04-09 21:11:45,850 - Starting QRcodebackApplication using Java 1.8.0_301 on DESKTOP-D137OBD with PID 11008 (E:\springboot\QRcodeback\target\classes started by DAGUAISHOU in E:\springboot\QRcodeback)
[INFO]2023-04-09 21:11:45,850 - No active profile set, falling back to 1 default profile: "default"
[INFO]2023-04-09 21:11:46,115 - Tomcat initialized with port(s): 8888 (http)
[INFO]2023-04-09 21:11:46,115 - Loaded Apache Tomcat Native library [1.2.31] using APR version [1.7.0].
[INFO]2023-04-09 21:11:46,115 - APR capabilities: IPv6 [true], sendfile [true], accept filters [false], random [true], UDS [true].
[INFO]2023-04-09 21:11:46,115 - APR/OpenSSL configuration: useAprConnector [false], useOpenSSL [true]
[INFO]2023-04-09 21:11:46,115 - OpenSSL successfully initialized [OpenSSL 1.1.1l  24 Aug 2021]
[INFO]2023-04-09 21:11:46,115 - Initializing ProtocolHandler ["http-nio-8888"]
[INFO]2023-04-09 21:11:46,115 - Starting service [Tomcat]
[INFO]2023-04-09 21:11:46,115 - Starting Servlet engine: [Apache Tomcat/9.0.64]
[INFO]2023-04-09 21:11:46,146 - Initializing Spring embedded WebApplicationContext
[INFO]2023-04-09 21:11:46,146 - Root WebApplicationContext: initialization completed in 294 ms
[INFO]2023-04-09 21:11:46,291 - LiveReload server is running on port 35729
[INFO]2023-04-09 21:11:46,297 - Starting ProtocolHandler ["http-nio-8888"]
[INFO]2023-04-09 21:11:46,301 - Tomcat started on port(s): 8888 (http) with context path ''
[INFO]2023-04-09 21:11:46,308 - Started QRcodebackApplication in 0.485 seconds (JVM running for 12712.033)
[INFO]2023-04-09 21:11:46,309 - Condition evaluation unchanged
[INFO]2023-04-09 21:12:17,847 - Initializing Spring DispatcherServlet 'dispatcherServlet'
[INFO]2023-04-09 21:12:17,848 - Initializing Servlet 'dispatcherServlet'
[INFO]2023-04-09 21:12:17,849 - Completed initialization in 1 ms
[INFO]2023-04-09 21:16:54,894 - Starting QRcodebackApplication using Java 1.8.0_301 on DESKTOP-D137OBD with PID 11008 (E:\springboot\QRcodeback\target\classes started by DAGUAISHOU in E:\springboot\QRcodeback)
[INFO]2023-04-09 21:16:54,894 - No active profile set, falling back to 1 default profile: "default"
[INFO]2023-04-09 21:16:55,210 - Tomcat initialized with port(s): 8888 (http)
[INFO]2023-04-09 21:16:55,210 - Loaded Apache Tomcat Native library [1.2.31] using APR version [1.7.0].
[INFO]2023-04-09 21:16:55,210 - APR capabilities: IPv6 [true], sendfile [true], accept filters [false], random [true], UDS [true].
[INFO]2023-04-09 21:16:55,210 - APR/OpenSSL configuration: useAprConnector [false], useOpenSSL [true]
[INFO]2023-04-09 21:16:55,211 - OpenSSL successfully initialized [OpenSSL 1.1.1l  24 Aug 2021]
[INFO]2023-04-09 21:16:55,212 - Initializing ProtocolHandler ["http-nio-8888"]
[INFO]2023-04-09 21:16:55,212 - Starting service [Tomcat]
[INFO]2023-04-09 21:16:55,212 - Starting Servlet engine: [Apache Tomcat/9.0.64]
[INFO]2023-04-09 21:16:55,252 - Initializing Spring embedded WebApplicationContext
[INFO]2023-04-09 21:16:55,252 - Root WebApplicationContext: initialization completed in 356 ms
[INFO]2023-04-09 21:16:55,402 - LiveReload server is running on port 35729
[INFO]2023-04-09 21:16:55,408 - Starting ProtocolHandler ["http-nio-8888"]
[INFO]2023-04-09 21:16:55,412 - Tomcat started on port(s): 8888 (http) with context path ''
[INFO]2023-04-09 21:16:55,419 - Started QRcodebackApplication in 0.551 seconds (JVM running for 13021.144)
[INFO]2023-04-09 21:16:55,420 - Condition evaluation unchanged
[INFO]2023-04-09 21:16:57,741 - Starting QRcodebackApplication using Java 1.8.0_301 on DESKTOP-D137OBD with PID 11008 (E:\springboot\QRcodeback\target\classes started by DAGUAISHOU in E:\springboot\QRcodeback)
[INFO]2023-04-09 21:16:57,742 - No active profile set, falling back to 1 default profile: "default"
[INFO]2023-04-09 21:16:57,914 - Tomcat initialized with port(s): 8888 (http)
[INFO]2023-04-09 21:16:57,915 - Loaded Apache Tomcat Native library [1.2.31] using APR version [1.7.0].
[INFO]2023-04-09 21:16:57,915 - APR capabilities: IPv6 [true], sendfile [true], accept filters [false], random [true], UDS [true].
[INFO]2023-04-09 21:16:57,915 - APR/OpenSSL configuration: useAprConnector [false], useOpenSSL [true]
[INFO]2023-04-09 21:16:57,915 - OpenSSL successfully initialized [OpenSSL 1.1.1l  24 Aug 2021]
[INFO]2023-04-09 21:16:57,915 - Initializing ProtocolHandler ["http-nio-8888"]
[INFO]2023-04-09 21:16:57,915 - Starting service [Tomcat]
[INFO]2023-04-09 21:16:57,915 - Starting Servlet engine: [Apache Tomcat/9.0.64]
[INFO]2023-04-09 21:16:57,944 - Initializing Spring embedded WebApplicationContext
[INFO]2023-04-09 21:16:57,944 - Root WebApplicationContext: initialization completed in 199 ms
[INFO]2023-04-09 21:16:58,074 - LiveReload server is running on port 35729
[INFO]2023-04-09 21:16:58,078 - Starting ProtocolHandler ["http-nio-8888"]
[INFO]2023-04-09 21:16:58,082 - Tomcat started on port(s): 8888 (http) with context path ''
[INFO]2023-04-09 21:16:58,089 - Started QRcodebackApplication in 0.372 seconds (JVM running for 13023.814)
[INFO]2023-04-09 21:16:58,090 - Condition evaluation unchanged
[INFO]2023-04-09 21:18:00,507 - Starting QRcodebackApplication using Java 1.8.0_301 on DESKTOP-D137OBD with PID 11008 (E:\springboot\QRcodeback\target\classes started by DAGUAISHOU in E:\springboot\QRcodeback)
[INFO]2023-04-09 21:18:00,507 - No active profile set, falling back to 1 default profile: "default"
[INFO]2023-04-09 21:18:00,881 - Tomcat initialized with port(s): 8888 (http)
[INFO]2023-04-09 21:18:00,881 - Loaded Apache Tomcat Native library [1.2.31] using APR version [1.7.0].
[INFO]2023-04-09 21:18:00,881 - APR capabilities: IPv6 [true], sendfile [true], accept filters [false], random [true], UDS [true].
[INFO]2023-04-09 21:18:00,881 - APR/OpenSSL configuration: useAprConnector [false], useOpenSSL [true]
[INFO]2023-04-09 21:18:00,881 - OpenSSL successfully initialized [OpenSSL 1.1.1l  24 Aug 2021]
[INFO]2023-04-09 21:18:00,882 - Initializing ProtocolHandler ["http-nio-8888"]
[INFO]2023-04-09 21:18:00,882 - Starting service [Tomcat]
[INFO]2023-04-09 21:18:00,882 - Starting Servlet engine: [Apache Tomcat/9.0.64]
[INFO]2023-04-09 21:18:00,917 - Initializing Spring embedded WebApplicationContext
[INFO]2023-04-09 21:18:00,917 - Root WebApplicationContext: initialization completed in 406 ms
[INFO]2023-04-09 21:18:01,086 - LiveReload server is running on port 35729
[INFO]2023-04-09 21:18:01,095 - Starting ProtocolHandler ["http-nio-8888"]
[INFO]2023-04-09 21:18:01,099 - Tomcat started on port(s): 8888 (http) with context path ''
[INFO]2023-04-09 21:18:01,106 - Started QRcodebackApplication in 0.641 seconds (JVM running for 13086.831)
[INFO]2023-04-09 21:18:01,107 - Condition evaluation unchanged
[INFO]2023-04-09 21:18:01,308 - Initializing Spring DispatcherServlet 'dispatcherServlet'
[INFO]2023-04-09 21:18:01,309 - Initializing Servlet 'dispatcherServlet'
[INFO]2023-04-09 21:18:01,310 - Completed initialization in 1 ms
[INFO]2023-04-09 21:18:03,357 - Starting QRcodebackApplication using Java 1.8.0_301 on DESKTOP-D137OBD with PID 11008 (E:\springboot\QRcodeback\target\classes started by DAGUAISHOU in E:\springboot\QRcodeback)
[INFO]2023-04-09 21:18:03,357 - No active profile set, falling back to 1 default profile: "default"
[INFO]2023-04-09 21:18:03,802 - Tomcat initialized with port(s): 8888 (http)
[INFO]2023-04-09 21:18:03,803 - Loaded Apache Tomcat Native library [1.2.31] using APR version [1.7.0].
[INFO]2023-04-09 21:18:03,803 - APR capabilities: IPv6 [true], sendfile [true], accept filters [false], random [true], UDS [true].
[INFO]2023-04-09 21:18:03,803 - APR/OpenSSL configuration: useAprConnector [false], useOpenSSL [true]
[INFO]2023-04-09 21:18:03,803 - OpenSSL successfully initialized [OpenSSL 1.1.1l  24 Aug 2021]
[INFO]2023-04-09 21:18:03,804 - Initializing ProtocolHandler ["http-nio-8888"]
[INFO]2023-04-09 21:18:03,804 - Starting service [Tomcat]
[INFO]2023-04-09 21:18:03,804 - Starting Servlet engine: [Apache Tomcat/9.0.64]
[INFO]2023-04-09 21:18:03,858 - Initializing Spring embedded WebApplicationContext
[INFO]2023-04-09 21:18:03,858 - Root WebApplicationContext: initialization completed in 498 ms
[INFO]2023-04-09 21:18:04,127 - LiveReload server is running on port 35729
[INFO]2023-04-09 21:18:04,137 - Starting ProtocolHandler ["http-nio-8888"]
[INFO]2023-04-09 21:18:04,144 - Tomcat started on port(s): 8888 (http) with context path ''
[INFO]2023-04-09 21:18:04,153 - Started QRcodebackApplication in 0.822 seconds (JVM running for 13089.877)
[INFO]2023-04-09 21:18:04,154 - Condition evaluation unchanged
[INFO]2023-04-09 21:18:23,943 - Initializing Spring DispatcherServlet 'dispatcherServlet'
[INFO]2023-04-09 21:18:23,944 - Initializing Servlet 'dispatcherServlet'
[INFO]2023-04-09 21:18:23,946 - Completed initialization in 2 ms
[ERROR]2023-04-09 21:19:32,192 - Servlet.service() for servlet [dispatcherServlet] in context with path [] threw exception [Request processing failed; nested exception is org.springframework.web.multipart.MaxUploadSizeExceededException: Maximum upload size exceeded; nested exception is java.lang.IllegalStateException: org.apache.tomcat.util.http.fileupload.impl.FileSizeLimitExceededException: The field file exceeds its maximum permitted size of 1048576 bytes.] with root cause
org.apache.tomcat.util.http.fileupload.impl.FileSizeLimitExceededException: The field file exceeds its maximum permitted size of 1048576 bytes.
	at org.apache.tomcat.util.http.fileupload.impl.FileItemStreamImpl$1.raiseError(FileItemStreamImpl.java:117)
	at org.apache.tomcat.util.http.fileupload.util.LimitedInputStream.checkLimit(LimitedInputStream.java:76)
	at org.apache.tomcat.util.http.fileupload.util.LimitedInputStream.read(LimitedInputStream.java:135)
	at java.io.FilterInputStream.read(FilterInputStream.java:107)
	at org.apache.tomcat.util.http.fileupload.util.Streams.copy(Streams.java:97)
	at org.apache.tomcat.util.http.fileupload.FileUploadBase.parseRequest(FileUploadBase.java:288)
	at org.apache.catalina.connector.Request.parseParts(Request.java:2932)
	at org.apache.catalina.connector.Request.getParts(Request.java:2834)
	at org.apache.catalina.connector.RequestFacade.getParts(RequestFacade.java:1098)
	at org.springframework.web.multipart.support.StandardMultipartHttpServletRequest.parseRequest(StandardMultipartHttpServletRequest.java:95)
	at org.springframework.web.multipart.support.StandardMultipartHttpServletRequest.<init>(StandardMultipartHttpServletRequest.java:88)
	at org.springframework.web.multipart.support.StandardServletMultipartResolver.resolveMultipart(StandardServletMultipartResolver.java:122)
	at org.springframework.web.servlet.DispatcherServlet.checkMultipart(DispatcherServlet.java:1205)
	at org.springframework.web.servlet.DispatcherServlet.doDispatch(DispatcherServlet.java:1039)
	at org.springframework.web.servlet.DispatcherServlet.doService(DispatcherServlet.java:963)
	at org.springframework.web.servlet.FrameworkServlet.processRequest(FrameworkServlet.java:1006)
	at org.springframework.web.servlet.FrameworkServlet.doPost(FrameworkServlet.java:909)
	at javax.servlet.http.HttpServlet.service(HttpServlet.java:681)
	at org.springframework.web.servlet.FrameworkServlet.service(FrameworkServlet.java:883)
	at javax.servlet.http.HttpServlet.service(HttpServlet.java:764)
	at org.apache.catalina.core.ApplicationFilterChain.internalDoFilter(ApplicationFilterChain.java:227)
	at org.apache.catalina.core.ApplicationFilterChain.doFilter(ApplicationFilterChain.java:162)
	at org.apache.tomcat.websocket.server.WsFilter.doFilter(WsFilter.java:53)
	at org.apache.catalina.core.ApplicationFilterChain.internalDoFilter(ApplicationFilterChain.java:189)
	at org.apache.catalina.core.ApplicationFilterChain.doFilter(ApplicationFilterChain.java:162)
	at org.springframework.web.filter.RequestContextFilter.doFilterInternal(RequestContextFilter.java:100)
	at org.springframework.web.filter.OncePerRequestFilter.doFilter(OncePerRequestFilter.java:117)
	at org.apache.catalina.core.ApplicationFilterChain.internalDoFilter(ApplicationFilterChain.java:189)
	at org.apache.catalina.core.ApplicationFilterChain.doFilter(ApplicationFilterChain.java:162)
	at org.springframework.web.filter.FormContentFilter.doFilterInternal(FormContentFilter.java:93)
	at org.springframework.web.filter.OncePerRequestFilter.doFilter(OncePerRequestFilter.java:117)
	at org.apache.catalina.core.ApplicationFilterChain.internalDoFilter(ApplicationFilterChain.java:189)
	at org.apache.catalina.core.ApplicationFilterChain.doFilter(ApplicationFilterChain.java:162)
	at org.springframework.web.filter.CharacterEncodingFilter.doFilterInternal(CharacterEncodingFilter.java:201)
	at org.springframework.web.filter.OncePerRequestFilter.doFilter(OncePerRequestFilter.java:117)
	at org.apache.catalina.core.ApplicationFilterChain.internalDoFilter(ApplicationFilterChain.java:189)
	at org.apache.catalina.core.ApplicationFilterChain.doFilter(ApplicationFilterChain.java:162)
	at org.apache.catalina.core.StandardWrapperValve.invoke(StandardWrapperValve.java:197)
	at org.apache.catalina.core.StandardContextValve.invoke(StandardContextValve.java:97)
	at org.apache.catalina.authenticator.AuthenticatorBase.invoke(AuthenticatorBase.java:541)
	at org.apache.catalina.core.StandardHostValve.invoke(StandardHostValve.java:135)
	at org.apache.catalina.valves.ErrorReportValve.invoke(ErrorReportValve.java:92)
	at org.apache.catalina.core.StandardEngineValve.invoke(StandardEngineValve.java:78)
	at org.apache.catalina.connector.CoyoteAdapter.service(CoyoteAdapter.java:360)
	at org.apache.coyote.http11.Http11Processor.service(Http11Processor.java:399)
	at org.apache.coyote.AbstractProcessorLight.process(AbstractProcessorLight.java:65)
	at org.apache.coyote.AbstractProtocol$ConnectionHandler.process(AbstractProtocol.java:890)
	at org.apache.tomcat.util.net.NioEndpoint$SocketProcessor.doRun(NioEndpoint.java:1787)
	at org.apache.tomcat.util.net.SocketProcessorBase.run(SocketProcessorBase.java:49)
	at org.apache.tomcat.util.threads.ThreadPoolExecutor.runWorker(ThreadPoolExecutor.java:1191)
	at org.apache.tomcat.util.threads.ThreadPoolExecutor$Worker.run(ThreadPoolExecutor.java:659)
	at org.apache.tomcat.util.threads.TaskThread$WrappingRunnable.run(TaskThread.java:61)
	at java.lang.Thread.run(Thread.java:748)
[ERROR]2023-04-09 21:20:01,046 - Servlet.service() for servlet [dispatcherServlet] in context with path [] threw exception [Request processing failed; nested exception is org.springframework.web.multipart.MaxUploadSizeExceededException: Maximum upload size exceeded; nested exception is java.lang.IllegalStateException: org.apache.tomcat.util.http.fileupload.impl.FileSizeLimitExceededException: The field file exceeds its maximum permitted size of 1048576 bytes.] with root cause
org.apache.tomcat.util.http.fileupload.impl.FileSizeLimitExceededException: The field file exceeds its maximum permitted size of 1048576 bytes.
	at org.apache.tomcat.util.http.fileupload.impl.FileItemStreamImpl$1.raiseError(FileItemStreamImpl.java:117)
	at org.apache.tomcat.util.http.fileupload.util.LimitedInputStream.checkLimit(LimitedInputStream.java:76)
	at org.apache.tomcat.util.http.fileupload.util.LimitedInputStream.read(LimitedInputStream.java:135)
	at java.io.FilterInputStream.read(FilterInputStream.java:107)
	at org.apache.tomcat.util.http.fileupload.util.Streams.copy(Streams.java:97)
	at org.apache.tomcat.util.http.fileupload.FileUploadBase.parseRequest(FileUploadBase.java:288)
	at org.apache.catalina.connector.Request.parseParts(Request.java:2932)
	at org.apache.catalina.connector.Request.getParts(Request.java:2834)
	at org.apache.catalina.connector.RequestFacade.getParts(RequestFacade.java:1098)
	at org.springframework.web.multipart.support.StandardMultipartHttpServletRequest.parseRequest(StandardMultipartHttpServletRequest.java:95)
	at org.springframework.web.multipart.support.StandardMultipartHttpServletRequest.<init>(StandardMultipartHttpServletRequest.java:88)
	at org.springframework.web.multipart.support.StandardServletMultipartResolver.resolveMultipart(StandardServletMultipartResolver.java:122)
	at org.springframework.web.servlet.DispatcherServlet.checkMultipart(DispatcherServlet.java:1205)
	at org.springframework.web.servlet.DispatcherServlet.doDispatch(DispatcherServlet.java:1039)
	at org.springframework.web.servlet.DispatcherServlet.doService(DispatcherServlet.java:963)
	at org.springframework.web.servlet.FrameworkServlet.processRequest(FrameworkServlet.java:1006)
	at org.springframework.web.servlet.FrameworkServlet.doPost(FrameworkServlet.java:909)
	at javax.servlet.http.HttpServlet.service(HttpServlet.java:681)
	at org.springframework.web.servlet.FrameworkServlet.service(FrameworkServlet.java:883)
	at javax.servlet.http.HttpServlet.service(HttpServlet.java:764)
	at org.apache.catalina.core.ApplicationFilterChain.internalDoFilter(ApplicationFilterChain.java:227)
	at org.apache.catalina.core.ApplicationFilterChain.doFilter(ApplicationFilterChain.java:162)
	at org.apache.tomcat.websocket.server.WsFilter.doFilter(WsFilter.java:53)
	at org.apache.catalina.core.ApplicationFilterChain.internalDoFilter(ApplicationFilterChain.java:189)
	at org.apache.catalina.core.ApplicationFilterChain.doFilter(ApplicationFilterChain.java:162)
	at org.springframework.web.filter.RequestContextFilter.doFilterInternal(RequestContextFilter.java:100)
	at org.springframework.web.filter.OncePerRequestFilter.doFilter(OncePerRequestFilter.java:117)
	at org.apache.catalina.core.ApplicationFilterChain.internalDoFilter(ApplicationFilterChain.java:189)
	at org.apache.catalina.core.ApplicationFilterChain.doFilter(ApplicationFilterChain.java:162)
	at org.springframework.web.filter.FormContentFilter.doFilterInternal(FormContentFilter.java:93)
	at org.springframework.web.filter.OncePerRequestFilter.doFilter(OncePerRequestFilter.java:117)
	at org.apache.catalina.core.ApplicationFilterChain.internalDoFilter(ApplicationFilterChain.java:189)
	at org.apache.catalina.core.ApplicationFilterChain.doFilter(ApplicationFilterChain.java:162)
	at org.springframework.web.filter.CharacterEncodingFilter.doFilterInternal(CharacterEncodingFilter.java:201)
	at org.springframework.web.filter.OncePerRequestFilter.doFilter(OncePerRequestFilter.java:117)
	at org.apache.catalina.core.ApplicationFilterChain.internalDoFilter(ApplicationFilterChain.java:189)
	at org.apache.catalina.core.ApplicationFilterChain.doFilter(ApplicationFilterChain.java:162)
	at org.apache.catalina.core.StandardWrapperValve.invoke(StandardWrapperValve.java:197)
	at org.apache.catalina.core.StandardContextValve.invoke(StandardContextValve.java:97)
	at org.apache.catalina.authenticator.AuthenticatorBase.invoke(AuthenticatorBase.java:541)
	at org.apache.catalina.core.StandardHostValve.invoke(StandardHostValve.java:135)
	at org.apache.catalina.valves.ErrorReportValve.invoke(ErrorReportValve.java:92)
	at org.apache.catalina.core.StandardEngineValve.invoke(StandardEngineValve.java:78)
	at org.apache.catalina.connector.CoyoteAdapter.service(CoyoteAdapter.java:360)
	at org.apache.coyote.http11.Http11Processor.service(Http11Processor.java:399)
	at org.apache.coyote.AbstractProcessorLight.process(AbstractProcessorLight.java:65)
	at org.apache.coyote.AbstractProtocol$ConnectionHandler.process(AbstractProtocol.java:890)
	at org.apache.tomcat.util.net.NioEndpoint$SocketProcessor.doRun(NioEndpoint.java:1787)
	at org.apache.tomcat.util.net.SocketProcessorBase.run(SocketProcessorBase.java:49)
	at org.apache.tomcat.util.threads.ThreadPoolExecutor.runWorker(ThreadPoolExecutor.java:1191)
	at org.apache.tomcat.util.threads.ThreadPoolExecutor$Worker.run(ThreadPoolExecutor.java:659)
	at org.apache.tomcat.util.threads.TaskThread$WrappingRunnable.run(TaskThread.java:61)
	at java.lang.Thread.run(Thread.java:748)
[INFO]2023-04-09 21:21:43,684 - Starting QRcodebackApplication using Java 1.8.0_301 on DESKTOP-D137OBD with PID 24772 (E:\springboot\QRcodeback\target\classes started by DAGUAISHOU in E:\springboot\QRcodeback)
[INFO]2023-04-09 21:21:43,685 - No active profile set, falling back to 1 default profile: "default"
[INFO]2023-04-09 21:21:43,735 - Devtools property defaults active! Set 'spring.devtools.add-properties' to 'false' to disable
[INFO]2023-04-09 21:21:43,735 - For additional web related logging consider setting the 'logging.level.web' property to 'DEBUG'
[INFO]2023-04-09 21:21:44,762 - Tomcat initialized with port(s): 8888 (http)
[INFO]2023-04-09 21:21:44,763 - Loaded Apache Tomcat Native library [1.2.31] using APR version [1.7.0].
[INFO]2023-04-09 21:21:44,763 - APR capabilities: IPv6 [true], sendfile [true], accept filters [false], random [true], UDS [true].
[INFO]2023-04-09 21:21:44,763 - APR/OpenSSL configuration: useAprConnector [false], useOpenSSL [true]
[INFO]2023-04-09 21:21:44,767 - OpenSSL successfully initialized [OpenSSL 1.1.1l  24 Aug 2021]
[INFO]2023-04-09 21:21:44,774 - Initializing ProtocolHandler ["http-nio-8888"]
[INFO]2023-04-09 21:21:44,775 - Starting service [Tomcat]
[INFO]2023-04-09 21:21:44,775 - Starting Servlet engine: [Apache Tomcat/9.0.64]
[INFO]2023-04-09 21:21:44,874 - Initializing Spring embedded WebApplicationContext
[INFO]2023-04-09 21:21:44,874 - Root WebApplicationContext: initialization completed in 1138 ms
[INFO]2023-04-09 21:21:45,458 - LiveReload server is running on port 35729
[INFO]2023-04-09 21:21:45,472 - Starting ProtocolHandler ["http-nio-8888"]
[INFO]2023-04-09 21:21:45,487 - Tomcat started on port(s): 8888 (http) with context path ''
[INFO]2023-04-09 21:21:45,510 - Started QRcodebackApplication in 2.397 seconds (JVM running for 4.173)
[INFO]2023-04-09 21:22:26,678 - Starting QRcodebackApplication using Java 1.8.0_301 on DESKTOP-D137OBD with PID 24772 (E:\springboot\QRcodeback\target\classes started by DAGUAISHOU in E:\springboot\QRcodeback)
[INFO]2023-04-09 21:22:26,678 - No active profile set, falling back to 1 default profile: "default"
[INFO]2023-04-09 21:22:26,998 - Tomcat initialized with port(s): 8888 (http)
[INFO]2023-04-09 21:22:26,998 - Loaded Apache Tomcat Native library [1.2.31] using APR version [1.7.0].
[INFO]2023-04-09 21:22:26,999 - APR capabilities: IPv6 [true], sendfile [true], accept filters [false], random [true], UDS [true].
[INFO]2023-04-09 21:22:26,999 - APR/OpenSSL configuration: useAprConnector [false], useOpenSSL [true]
[INFO]2023-04-09 21:22:26,999 - OpenSSL successfully initialized [OpenSSL 1.1.1l  24 Aug 2021]
[INFO]2023-04-09 21:22:26,999 - Initializing ProtocolHandler ["http-nio-8888"]
[INFO]2023-04-09 21:22:26,999 - Starting service [Tomcat]
[INFO]2023-04-09 21:22:26,999 - Starting Servlet engine: [Apache Tomcat/9.0.64]
[INFO]2023-04-09 21:22:27,034 - Initializing Spring embedded WebApplicationContext
[INFO]2023-04-09 21:22:27,034 - Root WebApplicationContext: initialization completed in 354 ms
[INFO]2023-04-09 21:22:27,285 - LiveReload server is running on port 35729
[INFO]2023-04-09 21:22:27,294 - Starting ProtocolHandler ["http-nio-8888"]
[INFO]2023-04-09 21:22:27,299 - Tomcat started on port(s): 8888 (http) with context path ''
[INFO]2023-04-09 21:22:27,309 - Started QRcodebackApplication in 0.664 seconds (JVM running for 45.972)
[INFO]2023-04-09 21:22:27,311 - Condition evaluation unchanged
[INFO]2023-04-09 21:22:29,687 - Starting QRcodebackApplication using Java 1.8.0_301 on DESKTOP-D137OBD with PID 24772 (E:\springboot\QRcodeback\target\classes started by DAGUAISHOU in E:\springboot\QRcodeback)
[INFO]2023-04-09 21:22:29,687 - No active profile set, falling back to 1 default profile: "default"
[INFO]2023-04-09 21:22:29,878 - Tomcat initialized with port(s): 8888 (http)
[INFO]2023-04-09 21:22:29,878 - Loaded Apache Tomcat Native library [1.2.31] using APR version [1.7.0].
[INFO]2023-04-09 21:22:29,878 - APR capabilities: IPv6 [true], sendfile [true], accept filters [false], random [true], UDS [true].
[INFO]2023-04-09 21:22:29,878 - APR/OpenSSL configuration: useAprConnector [false], useOpenSSL [true]
[INFO]2023-04-09 21:22:29,878 - OpenSSL successfully initialized [OpenSSL 1.1.1l  24 Aug 2021]
[INFO]2023-04-09 21:22:29,878 - Initializing ProtocolHandler ["http-nio-8888"]
[INFO]2023-04-09 21:22:29,878 - Starting service [Tomcat]
[INFO]2023-04-09 21:22:29,879 - Starting Servlet engine: [Apache Tomcat/9.0.64]
[INFO]2023-04-09 21:22:29,907 - Initializing Spring embedded WebApplicationContext
[INFO]2023-04-09 21:22:29,908 - Root WebApplicationContext: initialization completed in 219 ms
[INFO]2023-04-09 21:22:30,062 - LiveReload server is running on port 35729
[INFO]2023-04-09 21:22:30,068 - Starting ProtocolHandler ["http-nio-8888"]
[INFO]2023-04-09 21:22:30,072 - Tomcat started on port(s): 8888 (http) with context path ''
[INFO]2023-04-09 21:22:30,081 - Started QRcodebackApplication in 0.419 seconds (JVM running for 48.744)
[INFO]2023-04-09 21:22:30,082 - Condition evaluation unchanged
[INFO]2023-04-09 21:23:38,040 - Initializing Spring DispatcherServlet 'dispatcherServlet'
[INFO]2023-04-09 21:23:38,040 - Initializing Servlet 'dispatcherServlet'
[INFO]2023-04-09 21:23:38,041 - Completed initialization in 1 ms
[ERROR]2023-04-09 21:23:38,110 - Servlet.service() for servlet [dispatcherServlet] in context with path [] threw exception [Request processing failed; nested exception is org.springframework.web.multipart.MaxUploadSizeExceededException: Maximum upload size exceeded; nested exception is java.lang.IllegalStateException: org.apache.tomcat.util.http.fileupload.impl.FileSizeLimitExceededException: The field file exceeds its maximum permitted size of 1048576 bytes.] with root cause
org.apache.tomcat.util.http.fileupload.impl.FileSizeLimitExceededException: The field file exceeds its maximum permitted size of 1048576 bytes.
	at org.apache.tomcat.util.http.fileupload.impl.FileItemStreamImpl$1.raiseError(FileItemStreamImpl.java:117)
	at org.apache.tomcat.util.http.fileupload.util.LimitedInputStream.checkLimit(LimitedInputStream.java:76)
	at org.apache.tomcat.util.http.fileupload.util.LimitedInputStream.read(LimitedInputStream.java:135)
	at java.io.FilterInputStream.read(FilterInputStream.java:107)
	at org.apache.tomcat.util.http.fileupload.util.Streams.copy(Streams.java:97)
	at org.apache.tomcat.util.http.fileupload.FileUploadBase.parseRequest(FileUploadBase.java:288)
	at org.apache.catalina.connector.Request.parseParts(Request.java:2932)
	at org.apache.catalina.connector.Request.getParts(Request.java:2834)
	at org.apache.catalina.connector.RequestFacade.getParts(RequestFacade.java:1098)
	at org.springframework.web.multipart.support.StandardMultipartHttpServletRequest.parseRequest(StandardMultipartHttpServletRequest.java:95)
	at org.springframework.web.multipart.support.StandardMultipartHttpServletRequest.<init>(StandardMultipartHttpServletRequest.java:88)
	at org.springframework.web.multipart.support.StandardServletMultipartResolver.resolveMultipart(StandardServletMultipartResolver.java:122)
	at org.springframework.web.servlet.DispatcherServlet.checkMultipart(DispatcherServlet.java:1205)
	at org.springframework.web.servlet.DispatcherServlet.doDispatch(DispatcherServlet.java:1039)
	at org.springframework.web.servlet.DispatcherServlet.doService(DispatcherServlet.java:963)
	at org.springframework.web.servlet.FrameworkServlet.processRequest(FrameworkServlet.java:1006)
	at org.springframework.web.servlet.FrameworkServlet.doPost(FrameworkServlet.java:909)
	at javax.servlet.http.HttpServlet.service(HttpServlet.java:681)
	at org.springframework.web.servlet.FrameworkServlet.service(FrameworkServlet.java:883)
	at javax.servlet.http.HttpServlet.service(HttpServlet.java:764)
	at org.apache.catalina.core.ApplicationFilterChain.internalDoFilter(ApplicationFilterChain.java:227)
	at org.apache.catalina.core.ApplicationFilterChain.doFilter(ApplicationFilterChain.java:162)
	at org.apache.tomcat.websocket.server.WsFilter.doFilter(WsFilter.java:53)
	at org.apache.catalina.core.ApplicationFilterChain.internalDoFilter(ApplicationFilterChain.java:189)
	at org.apache.catalina.core.ApplicationFilterChain.doFilter(ApplicationFilterChain.java:162)
	at org.springframework.web.filter.RequestContextFilter.doFilterInternal(RequestContextFilter.java:100)
	at org.springframework.web.filter.OncePerRequestFilter.doFilter(OncePerRequestFilter.java:117)
	at org.apache.catalina.core.ApplicationFilterChain.internalDoFilter(ApplicationFilterChain.java:189)
	at org.apache.catalina.core.ApplicationFilterChain.doFilter(ApplicationFilterChain.java:162)
	at org.springframework.web.filter.FormContentFilter.doFilterInternal(FormContentFilter.java:93)
	at org.springframework.web.filter.OncePerRequestFilter.doFilter(OncePerRequestFilter.java:117)
	at org.apache.catalina.core.ApplicationFilterChain.internalDoFilter(ApplicationFilterChain.java:189)
	at org.apache.catalina.core.ApplicationFilterChain.doFilter(ApplicationFilterChain.java:162)
	at org.springframework.web.filter.CharacterEncodingFilter.doFilterInternal(CharacterEncodingFilter.java:201)
	at org.springframework.web.filter.OncePerRequestFilter.doFilter(OncePerRequestFilter.java:117)
	at org.apache.catalina.core.ApplicationFilterChain.internalDoFilter(ApplicationFilterChain.java:189)
	at org.apache.catalina.core.ApplicationFilterChain.doFilter(ApplicationFilterChain.java:162)
	at org.apache.catalina.core.StandardWrapperValve.invoke(StandardWrapperValve.java:197)
	at org.apache.catalina.core.StandardContextValve.invoke(StandardContextValve.java:97)
	at org.apache.catalina.authenticator.AuthenticatorBase.invoke(AuthenticatorBase.java:541)
	at org.apache.catalina.core.StandardHostValve.invoke(StandardHostValve.java:135)
	at org.apache.catalina.valves.ErrorReportValve.invoke(ErrorReportValve.java:92)
	at org.apache.catalina.core.StandardEngineValve.invoke(StandardEngineValve.java:78)
	at org.apache.catalina.connector.CoyoteAdapter.service(CoyoteAdapter.java:360)
	at org.apache.coyote.http11.Http11Processor.service(Http11Processor.java:399)
	at org.apache.coyote.AbstractProcessorLight.process(AbstractProcessorLight.java:65)
	at org.apache.coyote.AbstractProtocol$ConnectionHandler.process(AbstractProtocol.java:890)
	at org.apache.tomcat.util.net.NioEndpoint$SocketProcessor.doRun(NioEndpoint.java:1787)
	at org.apache.tomcat.util.net.SocketProcessorBase.run(SocketProcessorBase.java:49)
	at org.apache.tomcat.util.threads.ThreadPoolExecutor.runWorker(ThreadPoolExecutor.java:1191)
	at org.apache.tomcat.util.threads.ThreadPoolExecutor$Worker.run(ThreadPoolExecutor.java:659)
	at org.apache.tomcat.util.threads.TaskThread$WrappingRunnable.run(TaskThread.java:61)
	at java.lang.Thread.run(Thread.java:748)
[ERROR]2023-04-09 21:30:14,774 - Servlet.service() for servlet [dispatcherServlet] in context with path [] threw exception [Request processing failed; nested exception is org.springframework.web.multipart.MaxUploadSizeExceededException: Maximum upload size exceeded; nested exception is java.lang.IllegalStateException: org.apache.tomcat.util.http.fileupload.impl.FileSizeLimitExceededException: The field file exceeds its maximum permitted size of 1048576 bytes.] with root cause
org.apache.tomcat.util.http.fileupload.impl.FileSizeLimitExceededException: The field file exceeds its maximum permitted size of 1048576 bytes.
	at org.apache.tomcat.util.http.fileupload.impl.FileItemStreamImpl$1.raiseError(FileItemStreamImpl.java:117)
	at org.apache.tomcat.util.http.fileupload.util.LimitedInputStream.checkLimit(LimitedInputStream.java:76)
	at org.apache.tomcat.util.http.fileupload.util.LimitedInputStream.read(LimitedInputStream.java:135)
	at java.io.FilterInputStream.read(FilterInputStream.java:107)
	at org.apache.tomcat.util.http.fileupload.util.Streams.copy(Streams.java:97)
	at org.apache.tomcat.util.http.fileupload.FileUploadBase.parseRequest(FileUploadBase.java:288)
	at org.apache.catalina.connector.Request.parseParts(Request.java:2932)
	at org.apache.catalina.connector.Request.getParts(Request.java:2834)
	at org.apache.catalina.connector.RequestFacade.getParts(RequestFacade.java:1098)
	at org.springframework.web.multipart.support.StandardMultipartHttpServletRequest.parseRequest(StandardMultipartHttpServletRequest.java:95)
	at org.springframework.web.multipart.support.StandardMultipartHttpServletRequest.<init>(StandardMultipartHttpServletRequest.java:88)
	at org.springframework.web.multipart.support.StandardServletMultipartResolver.resolveMultipart(StandardServletMultipartResolver.java:122)
	at org.springframework.web.servlet.DispatcherServlet.checkMultipart(DispatcherServlet.java:1205)
	at org.springframework.web.servlet.DispatcherServlet.doDispatch(DispatcherServlet.java:1039)
	at org.springframework.web.servlet.DispatcherServlet.doService(DispatcherServlet.java:963)
	at org.springframework.web.servlet.FrameworkServlet.processRequest(FrameworkServlet.java:1006)
	at org.springframework.web.servlet.FrameworkServlet.doPost(FrameworkServlet.java:909)
	at javax.servlet.http.HttpServlet.service(HttpServlet.java:681)
	at org.springframework.web.servlet.FrameworkServlet.service(FrameworkServlet.java:883)
	at javax.servlet.http.HttpServlet.service(HttpServlet.java:764)
	at org.apache.catalina.core.ApplicationFilterChain.internalDoFilter(ApplicationFilterChain.java:227)
	at org.apache.catalina.core.ApplicationFilterChain.doFilter(ApplicationFilterChain.java:162)
	at org.apache.tomcat.websocket.server.WsFilter.doFilter(WsFilter.java:53)
	at org.apache.catalina.core.ApplicationFilterChain.internalDoFilter(ApplicationFilterChain.java:189)
	at org.apache.catalina.core.ApplicationFilterChain.doFilter(ApplicationFilterChain.java:162)
	at org.springframework.web.filter.RequestContextFilter.doFilterInternal(RequestContextFilter.java:100)
	at org.springframework.web.filter.OncePerRequestFilter.doFilter(OncePerRequestFilter.java:117)
	at org.apache.catalina.core.ApplicationFilterChain.internalDoFilter(ApplicationFilterChain.java:189)
	at org.apache.catalina.core.ApplicationFilterChain.doFilter(ApplicationFilterChain.java:162)
	at org.springframework.web.filter.FormContentFilter.doFilterInternal(FormContentFilter.java:93)
	at org.springframework.web.filter.OncePerRequestFilter.doFilter(OncePerRequestFilter.java:117)
	at org.apache.catalina.core.ApplicationFilterChain.internalDoFilter(ApplicationFilterChain.java:189)
	at org.apache.catalina.core.ApplicationFilterChain.doFilter(ApplicationFilterChain.java:162)
	at org.springframework.web.filter.CharacterEncodingFilter.doFilterInternal(CharacterEncodingFilter.java:201)
	at org.springframework.web.filter.OncePerRequestFilter.doFilter(OncePerRequestFilter.java:117)
	at org.apache.catalina.core.ApplicationFilterChain.internalDoFilter(ApplicationFilterChain.java:189)
	at org.apache.catalina.core.ApplicationFilterChain.doFilter(ApplicationFilterChain.java:162)
	at org.apache.catalina.core.StandardWrapperValve.invoke(StandardWrapperValve.java:197)
	at org.apache.catalina.core.StandardContextValve.invoke(StandardContextValve.java:97)
	at org.apache.catalina.authenticator.AuthenticatorBase.invoke(AuthenticatorBase.java:541)
	at org.apache.catalina.core.StandardHostValve.invoke(StandardHostValve.java:135)
	at org.apache.catalina.valves.ErrorReportValve.invoke(ErrorReportValve.java:92)
	at org.apache.catalina.core.StandardEngineValve.invoke(StandardEngineValve.java:78)
	at org.apache.catalina.connector.CoyoteAdapter.service(CoyoteAdapter.java:360)
	at org.apache.coyote.http11.Http11Processor.service(Http11Processor.java:399)
	at org.apache.coyote.AbstractProcessorLight.process(AbstractProcessorLight.java:65)
	at org.apache.coyote.AbstractProtocol$ConnectionHandler.process(AbstractProtocol.java:890)
	at org.apache.tomcat.util.net.NioEndpoint$SocketProcessor.doRun(NioEndpoint.java:1787)
	at org.apache.tomcat.util.net.SocketProcessorBase.run(SocketProcessorBase.java:49)
	at org.apache.tomcat.util.threads.ThreadPoolExecutor.runWorker(ThreadPoolExecutor.java:1191)
	at org.apache.tomcat.util.threads.ThreadPoolExecutor$Worker.run(ThreadPoolExecutor.java:659)
	at org.apache.tomcat.util.threads.TaskThread$WrappingRunnable.run(TaskThread.java:61)
	at java.lang.Thread.run(Thread.java:748)
[INFO]2023-04-09 21:36:48,829 - Starting QRcodebackApplication using Java 1.8.0_301 on DESKTOP-D137OBD with PID 2716 (E:\springboot\QRcodeback\target\classes started by DAGUAISHOU in E:\springboot\QRcodeback)
[INFO]2023-04-09 21:36:48,831 - No active profile set, falling back to 1 default profile: "default"
[INFO]2023-04-09 21:36:48,879 - Devtools property defaults active! Set 'spring.devtools.add-properties' to 'false' to disable
[INFO]2023-04-09 21:36:48,879 - For additional web related logging consider setting the 'logging.level.web' property to 'DEBUG'
[INFO]2023-04-09 21:36:50,085 - Tomcat initialized with port(s): 8888 (http)
[INFO]2023-04-09 21:36:50,086 - Loaded Apache Tomcat Native library [1.2.31] using APR version [1.7.0].
[INFO]2023-04-09 21:36:50,087 - APR capabilities: IPv6 [true], sendfile [true], accept filters [false], random [true], UDS [true].
[INFO]2023-04-09 21:36:50,087 - APR/OpenSSL configuration: useAprConnector [false], useOpenSSL [true]
[INFO]2023-04-09 21:36:50,092 - OpenSSL successfully initialized [OpenSSL 1.1.1l  24 Aug 2021]
[INFO]2023-04-09 21:36:50,100 - Initializing ProtocolHandler ["http-nio-8888"]
[INFO]2023-04-09 21:36:50,100 - Starting service [Tomcat]
[INFO]2023-04-09 21:36:50,100 - Starting Servlet engine: [Apache Tomcat/9.0.64]
[INFO]2023-04-09 21:36:50,218 - Initializing Spring embedded WebApplicationContext
[INFO]2023-04-09 21:36:50,218 - Root WebApplicationContext: initialization completed in 1338 ms
[INFO]2023-04-09 21:36:51,030 - LiveReload server is running on port 35729
[INFO]2023-04-09 21:36:51,055 - Starting ProtocolHandler ["http-nio-8888"]
[INFO]2023-04-09 21:36:51,077 - Tomcat started on port(s): 8888 (http) with context path ''
[INFO]2023-04-09 21:36:51,117 - Started QRcodebackApplication in 2.894 seconds (JVM running for 5.078)
[INFO]2023-04-09 21:37:01,830 - Starting QRcodebackApplication using Java 1.8.0_301 on DESKTOP-D137OBD with PID 2716 (E:\springboot\QRcodeback\target\classes started by DAGUAISHOU in E:\springboot\QRcodeback)
[INFO]2023-04-09 21:37:01,830 - No active profile set, falling back to 1 default profile: "default"
[INFO]2023-04-09 21:37:02,114 - Tomcat initialized with port(s): 8888 (http)
[INFO]2023-04-09 21:37:02,114 - Loaded Apache Tomcat Native library [1.2.31] using APR version [1.7.0].
[INFO]2023-04-09 21:37:02,114 - APR capabilities: IPv6 [true], sendfile [true], accept filters [false], random [true], UDS [true].
[INFO]2023-04-09 21:37:02,114 - APR/OpenSSL configuration: useAprConnector [false], useOpenSSL [true]
[INFO]2023-04-09 21:37:02,114 - OpenSSL successfully initialized [OpenSSL 1.1.1l  24 Aug 2021]
[INFO]2023-04-09 21:37:02,115 - Initializing ProtocolHandler ["http-nio-8888"]
[INFO]2023-04-09 21:37:02,115 - Starting service [Tomcat]
[INFO]2023-04-09 21:37:02,115 - Starting Servlet engine: [Apache Tomcat/9.0.64]
[INFO]2023-04-09 21:37:02,169 - Initializing Spring embedded WebApplicationContext
[INFO]2023-04-09 21:37:02,169 - Root WebApplicationContext: initialization completed in 336 ms
[INFO]2023-04-09 21:37:02,578 - LiveReload server is running on port 35729
[INFO]2023-04-09 21:37:02,590 - Starting ProtocolHandler ["http-nio-8888"]
[INFO]2023-04-09 21:37:02,598 - Tomcat started on port(s): 8888 (http) with context path ''
[INFO]2023-04-09 21:37:02,610 - Started QRcodebackApplication in 0.816 seconds (JVM running for 16.57)
[INFO]2023-04-09 21:37:02,612 - Condition evaluation unchanged
[INFO]2023-04-09 21:37:04,337 - Initializing Spring DispatcherServlet 'dispatcherServlet'
[INFO]2023-04-09 21:37:04,337 - Initializing Servlet 'dispatcherServlet'
[INFO]2023-04-09 21:37:04,338 - Completed initialization in 1 ms
[INFO]2023-04-09 21:42:39,431 - Starting QRcodebackApplication using Java 1.8.0_301 on DESKTOP-D137OBD with PID 2716 (E:\springboot\QRcodeback\target\classes started by DAGUAISHOU in E:\springboot\QRcodeback)
[INFO]2023-04-09 21:42:39,431 - No active profile set, falling back to 1 default profile: "default"
[INFO]2023-04-09 21:42:39,763 - Tomcat initialized with port(s): 8888 (http)
[INFO]2023-04-09 21:42:39,763 - Loaded Apache Tomcat Native library [1.2.31] using APR version [1.7.0].
[INFO]2023-04-09 21:42:39,763 - APR capabilities: IPv6 [true], sendfile [true], accept filters [false], random [true], UDS [true].
[INFO]2023-04-09 21:42:39,763 - APR/OpenSSL configuration: useAprConnector [false], useOpenSSL [true]
[INFO]2023-04-09 21:42:39,764 - OpenSSL successfully initialized [OpenSSL 1.1.1l  24 Aug 2021]
[INFO]2023-04-09 21:42:39,764 - Initializing ProtocolHandler ["http-nio-8888"]
[INFO]2023-04-09 21:42:39,764 - Starting service [Tomcat]
[INFO]2023-04-09 21:42:39,764 - Starting Servlet engine: [Apache Tomcat/9.0.64]
[INFO]2023-04-09 21:42:39,796 - Initializing Spring embedded WebApplicationContext
[INFO]2023-04-09 21:42:39,796 - Root WebApplicationContext: initialization completed in 362 ms
[INFO]2023-04-09 21:42:40,027 - LiveReload server is running on port 35729
[INFO]2023-04-09 21:42:40,040 - Starting ProtocolHandler ["http-nio-8888"]
[INFO]2023-04-09 21:42:40,046 - Tomcat started on port(s): 8888 (http) with context path ''
[INFO]2023-04-09 21:42:40,057 - Started QRcodebackApplication in 0.658 seconds (JVM running for 354.016)
[INFO]2023-04-09 21:42:40,058 - Condition evaluation unchanged
[INFO]2023-04-09 21:42:42,523 - Starting QRcodebackApplication using Java 1.8.0_301 on DESKTOP-D137OBD with PID 2716 (E:\springboot\QRcodeback\target\classes started by DAGUAISHOU in E:\springboot\QRcodeback)
[INFO]2023-04-09 21:42:42,523 - No active profile set, falling back to 1 default profile: "default"
[INFO]2023-04-09 21:42:42,728 - Tomcat initialized with port(s): 8888 (http)
[INFO]2023-04-09 21:42:42,728 - Loaded Apache Tomcat Native library [1.2.31] using APR version [1.7.0].
[INFO]2023-04-09 21:42:42,728 - APR capabilities: IPv6 [true], sendfile [true], accept filters [false], random [true], UDS [true].
[INFO]2023-04-09 21:42:42,728 - APR/OpenSSL configuration: useAprConnector [false], useOpenSSL [true]
[INFO]2023-04-09 21:42:42,728 - OpenSSL successfully initialized [OpenSSL 1.1.1l  24 Aug 2021]
[INFO]2023-04-09 21:42:42,728 - Initializing ProtocolHandler ["http-nio-8888"]
[INFO]2023-04-09 21:42:42,729 - Starting service [Tomcat]
[INFO]2023-04-09 21:42:42,729 - Starting Servlet engine: [Apache Tomcat/9.0.64]
[INFO]2023-04-09 21:42:42,762 - Initializing Spring embedded WebApplicationContext
[INFO]2023-04-09 21:42:42,762 - Root WebApplicationContext: initialization completed in 237 ms
[INFO]2023-04-09 21:42:42,913 - LiveReload server is running on port 35729
[INFO]2023-04-09 21:42:42,920 - Starting ProtocolHandler ["http-nio-8888"]
[INFO]2023-04-09 21:42:42,923 - Tomcat started on port(s): 8888 (http) with context path ''
[INFO]2023-04-09 21:42:42,931 - Started QRcodebackApplication in 0.436 seconds (JVM running for 356.891)
[INFO]2023-04-09 21:42:42,932 - Condition evaluation unchanged
[INFO]2023-04-09 21:42:56,360 - Initializing Spring DispatcherServlet 'dispatcherServlet'
[INFO]2023-04-09 21:42:56,360 - Initializing Servlet 'dispatcherServlet'
[INFO]2023-04-09 21:42:56,362 - Completed initialization in 1 ms
